<?xml version="1.0" encoding="UTF-8"?>
<testsuite name="com.querybuilder4j.sqlbuilders.SqlBuilderTest" tests="6" skipped="0" failures="0" errors="0" timestamp="2019-04-24T03:20:33" hostname="sm7chrisjones" time="4.617">
  <properties/>
  <testcase name="runDynamicStatementTests" classname="com.querybuilder4j.sqlbuilders.SqlBuilderTest" time="4.548"/>
  <testcase name="runSubQuery_oneRegularArgOneSubQuery" classname="com.querybuilder4j.sqlbuilders.SqlBuilderTest" time="0.013"/>
  <testcase name="runStaticStatementTests" classname="com.querybuilder4j.sqlbuilders.SqlBuilderTest" time="0.028"/>
  <testcase name="runSubQuery_oneRegularArg" classname="com.querybuilder4j.sqlbuilders.SqlBuilderTest" time="0.008"/>
  <testcase name="runSubQuery_noArgs" classname="com.querybuilder4j.sqlbuilders.SqlBuilderTest" time="0.008"/>
  <testcase name="runSubQuery_oneSubQueryArg" classname="com.querybuilder4j.sqlbuilders.SqlBuilderTest" time="0.011"/>
  <system-out><![CDATA[SELECT "county_spending_detail"."fiscal_year_period", "county_spending_detail"."fiscal_year_period"  FROM "county_spending_detail"  LEFT JOIN  "periods"  ON "county_spending_detail"."fiscal_year_period" = "periods"."period"  WHERE   ("county_spending_detail"."service" = 'General Government'   AND "county_spending_detail"."service" >= 'General Government'   AND "county_spending_detail"."fiscal_year_period" > 1   AND "county_spending_detail"."service" LIKE 'General%'   AND ("county_spending_detail"."service" <> 'General Government'   AND "county_spending_detail"."fiscal_year_period" >= 1   AND ("county_spending_detail"."service" <> 'General Government'   AND "county_spending_detail"."fiscal_year_period" >= 1   AND "county_spending_detail"."service" = 'General Government'    AND "county_spending_detail"."service" IS NOT NULL )    AND "periods"."period" IS NULL ))   GROUP BY "county_spending_detail"."fiscal_year_period", "county_spending_detail"."fiscal_year_period"  LIMIT 47  OFFSET 44 
SELECT "county_spending_detail"."department"  FROM "county_spending_detail"  LEFT JOIN  "periods"  ON "county_spending_detail"."fiscal_year_period" = "periods"."period"  WHERE   ("county_spending_detail"."service" = 'General Government'   AND ("county_spending_detail"."fiscal_year_period" IN (1,2)   AND "county_spending_detail"."service" > 'General Government'   AND "county_spending_detail"."fiscal_year_period" NOT IN (1,2)    AND "county_spending_detail"."fiscal_year_period" IS NULL ))   AND  ("county_spending_detail"."department" IS NOT NULL )  GROUP BY "county_spending_detail"."department"  ORDER BY "county_spending_detail"."department"  ASC  LIMIT 68  OFFSET 25 
SELECT "county_spending_detail"."service", "county_spending_detail"."fiscal_year_period"  FROM "county_spending_detail"  WHERE   ("county_spending_detail"."service" = 'General Government'   AND ("county_spending_detail"."fiscal_year_period" <= 1   AND "county_spending_detail"."fiscal_year_period" < 1)   AND "county_spending_detail"."service" < 'General Government'   AND "county_spending_detail"."service" < 'General Government')   AND  ("county_spending_detail"."service" IS NOT NULL  OR "county_spending_detail"."fiscal_year_period" IS NOT NULL )  GROUP BY "county_spending_detail"."service", "county_spending_detail"."fiscal_year_period"  LIMIT 53  OFFSET 42 
SELECT "county_spending_detail"."fiscal_year_period"  FROM "county_spending_detail"  LEFT JOIN  "service_hierarchy"  ON "county_spending_detail"."fiscal_year" = "service_hierarchy"."fiscal_year"  AND "county_spending_detail"."service" = "service_hierarchy"."service"  WHERE   "county_spending_detail"."service" < 'General Government'   AND  ("county_spending_detail"."fiscal_year_period" IS NOT NULL )  LIMIT 14  OFFSET 84 
SELECT "county_spending_detail"."department", "county_spending_detail"."service"  FROM "county_spending_detail"  LEFT JOIN  "periods"  ON "county_spending_detail"."fiscal_year_period" = "periods"."period"  WHERE   "county_spending_detail"."service" = 'General Government'    AND "periods"."period" IS NULL    GROUP BY "county_spending_detail"."department", "county_spending_detail"."service"  ORDER BY "county_spending_detail"."department", "county_spending_detail"."service"  ASC  LIMIT 87  OFFSET 88 
SELECT "county_spending_detail"."department"  FROM "county_spending_detail"  WHERE   "county_spending_detail"."service" < 'General Government'   AND  ("county_spending_detail"."department" IS NOT NULL )  GROUP BY "county_spending_detail"."department"  ORDER BY "county_spending_detail"."department"  ASC  LIMIT 6  OFFSET 86 
SELECT "county_spending_detail"."service"  FROM "county_spending_detail"  LEFT JOIN  "periods"  ON "county_spending_detail"."fiscal_year_period" = "periods"."period"  WHERE   ("county_spending_detail"."service" = 'General Government'   AND "county_spending_detail"."fiscal_year_period" <= 1)   AND  ("county_spending_detail"."service" IS NOT NULL )  GROUP BY "county_spending_detail"."service"  LIMIT 59  OFFSET 60 
SELECT "county_spending_detail"."fiscal_year_period", "county_spending_detail"."service"  FROM "county_spending_detail"  LEFT JOIN  "service_hierarchy"  ON "county_spending_detail"."fiscal_year" = "service_hierarchy"."fiscal_year"  AND "county_spending_detail"."service" = "service_hierarchy"."service"  WHERE   "county_spending_detail"."service" IN ('General Government','Housing and Community Development')    AND ("service_hierarchy"."fiscal_year" IS NULL     OR ("service_hierarchy"."service" IS NULL ))   GROUP BY "county_spending_detail"."fiscal_year_period", "county_spending_detail"."service"  ORDER BY "county_spending_detail"."fiscal_year_period", "county_spending_detail"."service"  DESC  LIMIT 6  OFFSET 69 
SELECT "county_spending_detail"."fiscal_year_period"  FROM "county_spending_detail"  LEFT JOIN  "service_hierarchy"  ON "county_spending_detail"."fiscal_year" = "service_hierarchy"."fiscal_year"  AND "county_spending_detail"."service" = "service_hierarchy"."service"  WHERE    "county_spending_detail"."fiscal_year_period" IS NULL     AND ("service_hierarchy"."fiscal_year" IS NULL     OR ("service_hierarchy"."service" IS NULL ))   GROUP BY "county_spending_detail"."fiscal_year_period"  LIMIT 91  OFFSET 48 
SELECT "county_spending_detail"."fiscal_year_period"  FROM "county_spending_detail"  WHERE   ("county_spending_detail"."service" = 'General Government'   AND ("county_spending_detail"."service" <> 'General Government'   AND "county_spending_detail"."fiscal_year_period" IN (1,2))   AND "county_spending_detail"."fiscal_year_period" NOT IN (1,2)   AND "county_spending_detail"."service" <> 'General Government'   AND ("county_spending_detail"."service" = 'General Government'   AND ("county_spending_detail"."service" LIKE 'General%'   AND ("county_spending_detail"."service" >= 'General Government'   AND "county_spending_detail"."fiscal_year_period" NOT IN (1,2)    AND ("county_spending_detail"."service" IS NOT NULL    AND "county_spending_detail"."fiscal_year_period" <= 1)   AND "county_spending_detail"."fiscal_year_period" >= 1)   AND "county_spending_detail"."fiscal_year_period" <= 1   AND ("county_spending_detail"."service" <= 'General Government'   AND "county_spending_detail"."service" = 'General Government'   AND "county_spending_detail"."service" < 'General Government')    AND ("county_spending_detail"."service" IS NOT NULL    AND "county_spending_detail"."fiscal_year_period" <> 1))))   AND  ("county_spending_detail"."fiscal_year_period" IS NOT NULL )  GROUP BY "county_spending_detail"."fiscal_year_period"  ORDER BY "county_spending_detail"."fiscal_year_period"  ASC  LIMIT 88  OFFSET 62 
SELECT "county_spending_detail"."service", "county_spending_detail"."department"  FROM "county_spending_detail"  LEFT JOIN  "periods"  ON "county_spending_detail"."fiscal_year_period" = "periods"."period"  WHERE    "county_spending_detail"."service" IS NULL     AND "periods"."period" IS NULL    GROUP BY "county_spending_detail"."service", "county_spending_detail"."department"  ORDER BY "county_spending_detail"."service", "county_spending_detail"."department"  DESC  LIMIT 56  OFFSET 69 
SELECT "county_spending_detail"."service"  FROM "county_spending_detail"  WHERE   "county_spending_detail"."fiscal_year_period" < 1   AND  ("county_spending_detail"."service" IS NOT NULL )  GROUP BY "county_spending_detail"."service"  ORDER BY "county_spending_detail"."service"  ASC  LIMIT 73  OFFSET 28 
SELECT "county_spending_detail"."service"  FROM "county_spending_detail"  WHERE    "county_spending_detail"."fiscal_year_period" IS NULL    GROUP BY "county_spending_detail"."service"  LIMIT 18  OFFSET 3 
SELECT "county_spending_detail"."service"  FROM "county_spending_detail"  LEFT JOIN  "periods"  ON "county_spending_detail"."fiscal_year_period" = "periods"."period"  WHERE   ("county_spending_detail"."service" = 'General Government'    AND ("county_spending_detail"."service" IS NOT NULL    AND "county_spending_detail"."service" IN ('General Government','Housing and Community Development')   AND "county_spending_detail"."fiscal_year_period" >= 1   AND "county_spending_detail"."service" NOT IN ('Housing and Community Development'))   AND "county_spending_detail"."service" <> 'General Government'    AND ("county_spending_detail"."fiscal_year_period" IS NULL    AND ("county_spending_detail"."service" > 'General Government'   AND ("county_spending_detail"."service" IN ('General Government','Housing and Community Development')    AND ("county_spending_detail"."service" IS NULL     AND "county_spending_detail"."service" IS NULL    AND "county_spending_detail"."fiscal_year_period" < 1)   AND "county_spending_detail"."fiscal_year_period" > 1)   AND "county_spending_detail"."fiscal_year_period" > 1)))   AND  ("county_spending_detail"."service" IS NOT NULL )  ORDER BY "county_spending_detail"."service"  ASC  LIMIT 57  OFFSET 20 
SELECT "county_spending_detail"."fiscal_year_period"  FROM "county_spending_detail"  WHERE   ("county_spending_detail"."service" = 'General Government'    AND "county_spending_detail"."fiscal_year_period" IS NULL    AND "county_spending_detail"."service" NOT LIKE '%Government'    AND "county_spending_detail"."fiscal_year_period" IS NULL    AND "county_spending_detail"."service" > 'General Government'   AND "county_spending_detail"."service" NOT LIKE '%Government')   LIMIT 46  OFFSET 32 
SELECT "county_spending_detail"."fiscal_year_period", "county_spending_detail"."service"  FROM "county_spending_detail"  WHERE   "county_spending_detail"."service" LIKE 'General%'   AND  ("county_spending_detail"."fiscal_year_period" IS NOT NULL  OR "county_spending_detail"."service" IS NOT NULL )  ORDER BY "county_spending_detail"."fiscal_year_period", "county_spending_detail"."service"  ASC  LIMIT 75  OFFSET 81 
SELECT "county_spending_detail"."service"  FROM "county_spending_detail"  LEFT JOIN  "service_hierarchy"  ON "county_spending_detail"."fiscal_year" = "service_hierarchy"."fiscal_year"  AND "county_spending_detail"."service" = "service_hierarchy"."service"  WHERE   ("county_spending_detail"."service" = 'General Government'   AND "county_spending_detail"."fiscal_year_period" NOT IN (1,2)   AND "county_spending_detail"."fiscal_year_period" <= 1   AND ("county_spending_detail"."fiscal_year_period" < 1   AND "county_spending_detail"."service" >= 'General Government'))   AND  ("county_spending_detail"."service" IS NOT NULL )  GROUP BY "county_spending_detail"."service"  LIMIT 82  OFFSET 56 
SELECT "county_spending_detail"."department"  FROM "county_spending_detail"  WHERE   ("county_spending_detail"."service" = 'General Government'   AND ("county_spending_detail"."fiscal_year_period" > 1   AND ("county_spending_detail"."fiscal_year_period" <> 1   AND "county_spending_detail"."fiscal_year_period" NOT IN (1,2))   AND ("county_spending_detail"."fiscal_year_period" IN (1,2)   AND "county_spending_detail"."service" > 'General Government')   AND ("county_spending_detail"."service" IN ('General Government','Housing and Community Development')   AND "county_spending_detail"."fiscal_year_period" <= 1)    AND ("county_spending_detail"."service" IS NULL     AND "county_spending_detail"."fiscal_year_period" IS NOT NULL    AND "county_spending_detail"."fiscal_year_period" >= 1)   AND ("county_spending_detail"."fiscal_year_period" < 1   AND "county_spending_detail"."service" <> 'General Government')   AND "county_spending_detail"."service" = 'General Government'   AND ("county_spending_detail"."service" >= 'General Government'   AND ("county_spending_detail"."fiscal_year_period" > 1   AND ("county_spending_detail"."fiscal_year_period" < 1   AND "county_spending_detail"."fiscal_year_period" > 1)   AND "county_spending_detail"."service" = 'General Government'   AND ("county_spending_detail"."fiscal_year_period" NOT IN (1,2)   AND "county_spending_detail"."fiscal_year_period" IN (1,2))))))   AND  ("county_spending_detail"."department" IS NOT NULL )  GROUP BY "county_spending_detail"."department"  LIMIT 51  OFFSET 88 
SELECT "county_spending_detail"."service"  FROM "county_spending_detail"  WHERE   ("county_spending_detail"."service" = 'General Government'    AND ("county_spending_detail"."fiscal_year_period" IS NULL     AND "county_spending_detail"."fiscal_year_period" IS NOT NULL    AND ("county_spending_detail"."fiscal_year_period" <= 1   AND "county_spending_detail"."service" <= 'General Government')   AND ("county_spending_detail"."service" = 'General Government'   AND ("county_spending_detail"."fiscal_year_period" < 1   AND "county_spending_detail"."service" <= 'General Government'))))   AND  ("county_spending_detail"."service" IS NOT NULL )  GROUP BY "county_spending_detail"."service"  ORDER BY "county_spending_detail"."service"  DESC  LIMIT 35  OFFSET 43 
SELECT "county_spending_detail"."service", "county_spending_detail"."fiscal_year_period"  FROM "county_spending_detail"  WHERE   "county_spending_detail"."fiscal_year_period" NOT IN (1,2)   ORDER BY "county_spending_detail"."service", "county_spending_detail"."fiscal_year_period"  DESC  LIMIT 41  OFFSET 74 
SELECT "county_spending_detail"."department", "county_spending_detail"."service"  FROM "county_spending_detail"  WHERE   ("county_spending_detail"."service" = 'General Government'    AND "county_spending_detail"."fiscal_year_period" IS NOT NULL    AND "county_spending_detail"."fiscal_year_period" < 1   AND "county_spending_detail"."service" LIKE 'General%'   AND ("county_spending_detail"."fiscal_year_period" >= 1    AND "county_spending_detail"."service" IS NOT NULL )   AND "county_spending_detail"."service" IN ('General Government','Housing and Community Development')   AND ("county_spending_detail"."fiscal_year_period" <= 1    AND "county_spending_detail"."fiscal_year_period" IS NULL )    AND "county_spending_detail"."fiscal_year_period" IS NOT NULL )   GROUP BY "county_spending_detail"."department", "county_spending_detail"."service"  ORDER BY "county_spending_detail"."department", "county_spending_detail"."service"  ASC  LIMIT 85  OFFSET 51 
SELECT "county_spending_detail"."department"  FROM "county_spending_detail"  WHERE   "county_spending_detail"."service" LIKE 'General%'   AND  ("county_spending_detail"."department" IS NOT NULL )  GROUP BY "county_spending_detail"."department"  ORDER BY "county_spending_detail"."department"  ASC  LIMIT 56  OFFSET 3 
SELECT "county_spending_detail"."department", "county_spending_detail"."service"  FROM "county_spending_detail"  LEFT JOIN  "service_hierarchy"  ON "county_spending_detail"."fiscal_year" = "service_hierarchy"."fiscal_year"  AND "county_spending_detail"."service" = "service_hierarchy"."service"  WHERE   "county_spending_detail"."service" = 'General Government'    AND ("service_hierarchy"."fiscal_year" IS NULL     OR ("service_hierarchy"."service" IS NULL ))   GROUP BY "county_spending_detail"."department", "county_spending_detail"."service"  ORDER BY "county_spending_detail"."department", "county_spending_detail"."service"  ASC  LIMIT 21  OFFSET 24 
SELECT "county_spending_detail"."service"  FROM "county_spending_detail"  LEFT JOIN  "periods"  ON "county_spending_detail"."fiscal_year_period" = "periods"."period"  WHERE   "county_spending_detail"."service" NOT IN ('Housing and Community Development')   AND  ("county_spending_detail"."service" IS NOT NULL )  ORDER BY "county_spending_detail"."service"  ASC  LIMIT 83  OFFSET 62 
SELECT "county_spending_detail"."service"  FROM "county_spending_detail"  WHERE   "county_spending_detail"."fiscal_year_period" > 1   ORDER BY "county_spending_detail"."service"  ASC  LIMIT 24  OFFSET 73 
SELECT "county_spending_detail"."department"  FROM "county_spending_detail"  LEFT JOIN  "periods"  ON "county_spending_detail"."fiscal_year_period" = "periods"."period"  WHERE   "county_spending_detail"."service" >= 'General Government'    AND "periods"."period" IS NULL    AND  ("county_spending_detail"."department" IS NOT NULL )  GROUP BY "county_spending_detail"."department"  ORDER BY "county_spending_detail"."department"  DESC  LIMIT 40  OFFSET 17 
SELECT "county_spending_detail"."fiscal_year_period"  FROM "county_spending_detail"  WHERE   ("county_spending_detail"."service" = 'General Government'   AND ("county_spending_detail"."fiscal_year_period" <> 1   AND "county_spending_detail"."fiscal_year_period" < 1   AND ("county_spending_detail"."service" = 'General Government'   AND "county_spending_detail"."service" <= 'General Government')    AND ("county_spending_detail"."fiscal_year_period" IS NULL    AND "county_spending_detail"."fiscal_year_period" <= 1   AND "county_spending_detail"."fiscal_year_period" <= 1)   AND "county_spending_detail"."fiscal_year_period" >= 1   AND "county_spending_detail"."fiscal_year_period" NOT IN (1,2)   AND "county_spending_detail"."service" IN ('General Government','Housing and Community Development')   AND "county_spending_detail"."fiscal_year_period" <= 1   AND "county_spending_detail"."service" IN ('General Government','Housing and Community Development')   AND ("county_spending_detail"."fiscal_year_period" > 1   AND ("county_spending_detail"."fiscal_year_period" <= 1   AND "county_spending_detail"."service" > 'General Government'))))   AND  ("county_spending_detail"."fiscal_year_period" IS NOT NULL )  GROUP BY "county_spending_detail"."fiscal_year_period"  ORDER BY "county_spending_detail"."fiscal_year_period"  DESC  LIMIT 43  OFFSET 5 
SELECT "county_spending_detail"."service"  FROM "county_spending_detail"  WHERE   ("county_spending_detail"."service" = 'General Government'    AND "county_spending_detail"."service" IS NOT NULL     AND ("county_spending_detail"."service" IS NOT NULL    AND "county_spending_detail"."fiscal_year_period" < 1)   AND ("county_spending_detail"."fiscal_year_period" <= 1   AND "county_spending_detail"."service" >= 'General Government'   AND "county_spending_detail"."fiscal_year_period" <= 1)   AND "county_spending_detail"."service" IN ('General Government','Housing and Community Development')   AND ("county_spending_detail"."fiscal_year_period" <= 1    AND "county_spending_detail"."fiscal_year_period" IS NOT NULL    AND ("county_spending_detail"."service" > 'General Government'   AND "county_spending_detail"."fiscal_year_period" <> 1)   AND ("county_spending_detail"."service" LIKE 'General%'    AND "county_spending_detail"."service" IS NULL     AND "county_spending_detail"."service" IS NOT NULL    AND "county_spending_detail"."service" LIKE 'General%')   AND "county_spending_detail"."fiscal_year_period" <= 1   AND "county_spending_detail"."fiscal_year_period" <> 1))   AND  ("county_spending_detail"."service" IS NOT NULL )  GROUP BY "county_spending_detail"."service"  LIMIT 79  OFFSET 63 
SELECT "county_spending_detail"."service"  FROM "county_spending_detail"  WHERE    "county_spending_detail"."fiscal_year_period" IS NULL    AND  ("county_spending_detail"."service" IS NOT NULL )  GROUP BY "county_spending_detail"."service"  ORDER BY "county_spending_detail"."service"  DESC  LIMIT 53  OFFSET 64 
SELECT "county_spending_detail"."fiscal_year_period", "county_spending_detail"."service"  FROM "county_spending_detail"  WHERE   ("county_spending_detail"."service" = 'General Government'    AND "county_spending_detail"."service" IS NULL )   GROUP BY "county_spending_detail"."fiscal_year_period", "county_spending_detail"."service"  LIMIT 34  OFFSET 72 
SELECT "county_spending_detail"."department"  FROM "county_spending_detail"  WHERE   ("county_spending_detail"."service" = 'General Government'   AND "county_spending_detail"."service" = 'General Government'   AND ("county_spending_detail"."fiscal_year_period" NOT IN (1,2)   AND "county_spending_detail"."fiscal_year_period" NOT IN (1,2))   AND ("county_spending_detail"."fiscal_year_period" > 1   AND "county_spending_detail"."fiscal_year_period" <= 1   AND "county_spending_detail"."service" LIKE 'General%')   AND "county_spending_detail"."service" = 'General Government'    AND ("county_spending_detail"."service" IS NULL    AND "county_spending_detail"."service" > 'General Government')   AND ("county_spending_detail"."service" <= 'General Government'   AND ("county_spending_detail"."fiscal_year_period" <> 1   AND "county_spending_detail"."fiscal_year_period" >= 1)   AND "county_spending_detail"."service" NOT LIKE '%Government')   AND ("county_spending_detail"."service" NOT IN ('Housing and Community Development')    AND "county_spending_detail"."fiscal_year_period" IS NULL ))   AND  ("county_spending_detail"."department" IS NOT NULL )  GROUP BY "county_spending_detail"."department"  LIMIT 21  OFFSET 20 
SELECT "county_spending_detail"."department"  FROM "county_spending_detail"  LEFT JOIN  "service_hierarchy"  ON "county_spending_detail"."fiscal_year" = "service_hierarchy"."fiscal_year"  AND "county_spending_detail"."service" = "service_hierarchy"."service"  WHERE   "county_spending_detail"."service" IN ('General Government','Housing and Community Development')    AND ("service_hierarchy"."fiscal_year" IS NULL     OR ("service_hierarchy"."service" IS NULL ))   GROUP BY "county_spending_detail"."department"  LIMIT 51  OFFSET 22 
SELECT "county_spending_detail"."fiscal_year_period", "county_spending_detail"."department"  FROM "county_spending_detail"  LEFT JOIN  "service_hierarchy"  ON "county_spending_detail"."fiscal_year" = "service_hierarchy"."fiscal_year"  AND "county_spending_detail"."service" = "service_hierarchy"."service"  WHERE   ("county_spending_detail"."service" = 'General Government'   AND "county_spending_detail"."service" NOT IN ('Housing and Community Development'))   AND  ("county_spending_detail"."fiscal_year_period" IS NOT NULL  OR "county_spending_detail"."department" IS NOT NULL )  GROUP BY "county_spending_detail"."fiscal_year_period", "county_spending_detail"."department"  ORDER BY "county_spending_detail"."fiscal_year_period", "county_spending_detail"."department"  ASC  LIMIT 15  OFFSET 70 
SELECT "county_spending_detail"."department"  FROM "county_spending_detail"  LEFT JOIN  "service_hierarchy"  ON "county_spending_detail"."fiscal_year" = "service_hierarchy"."fiscal_year"  AND "county_spending_detail"."service" = "service_hierarchy"."service"  WHERE    "county_spending_detail"."service" IS NOT NULL     AND ("service_hierarchy"."fiscal_year" IS NULL     OR ("service_hierarchy"."service" IS NULL ))   GROUP BY "county_spending_detail"."department"  LIMIT 75  OFFSET 1 
SELECT "county_spending_detail"."department", "county_spending_detail"."service"  FROM "county_spending_detail"  LEFT JOIN  "service_hierarchy"  ON "county_spending_detail"."fiscal_year" = "service_hierarchy"."fiscal_year"  AND "county_spending_detail"."service" = "service_hierarchy"."service"  WHERE   ("county_spending_detail"."service" = 'General Government'   AND ("county_spending_detail"."service" > 'General Government'   AND ("county_spending_detail"."service" <= 'General Government'   AND ("county_spending_detail"."fiscal_year_period" IN (1,2)    AND "county_spending_detail"."fiscal_year_period" IS NULL    AND ("county_spending_detail"."fiscal_year_period" > 1    AND "county_spending_detail"."fiscal_year_period" IS NULL     AND "county_spending_detail"."fiscal_year_period" IS NULL    AND "county_spending_detail"."fiscal_year_period" NOT IN (1,2))   AND "county_spending_detail"."fiscal_year_period" IN (1,2)   AND "county_spending_detail"."fiscal_year_period" <= 1)   AND "county_spending_detail"."fiscal_year_period" >= 1   AND "county_spending_detail"."service" = 'General Government'   AND ("county_spending_detail"."service" <> 'General Government'   AND ("county_spending_detail"."service" = 'General Government'    AND "county_spending_detail"."service" IS NULL    AND "county_spending_detail"."service" <> 'General Government')    AND ("county_spending_detail"."service" IS NOT NULL    AND "county_spending_detail"."fiscal_year_period" >= 1)   AND "county_spending_detail"."fiscal_year_period" >= 1))))   AND  ("county_spending_detail"."department" IS NOT NULL  OR "county_spending_detail"."service" IS NOT NULL )  ORDER BY "county_spending_detail"."department", "county_spending_detail"."service"  DESC  LIMIT 67  OFFSET 80 
SELECT "county_spending_detail"."service"  FROM "county_spending_detail"  LEFT JOIN  "periods"  ON "county_spending_detail"."fiscal_year_period" = "periods"."period"  WHERE   ("county_spending_detail"."service" = 'General Government'   AND "county_spending_detail"."service" LIKE 'General%'   AND ("county_spending_detail"."fiscal_year_period" > 1   AND "county_spending_detail"."service" NOT IN ('Housing and Community Development'))   AND "county_spending_detail"."service" < 'General Government'   AND ("county_spending_detail"."fiscal_year_period" < 1   AND ("county_spending_detail"."service" NOT LIKE '%Government'   AND "county_spending_detail"."service" > 'General Government')   AND ("county_spending_detail"."service" > 'General Government'   AND "county_spending_detail"."service" NOT IN ('Housing and Community Development'))   AND "county_spending_detail"."fiscal_year_period" >= 1   AND ("county_spending_detail"."service" <= 'General Government'   AND "county_spending_detail"."service" <> 'General Government')   AND "county_spending_detail"."service" LIKE 'General%'   AND "county_spending_detail"."fiscal_year_period" <= 1)    AND "periods"."period" IS NULL )   LIMIT 91  OFFSET 97 
SELECT "county_spending_detail"."fiscal_year_period"  FROM "county_spending_detail"  WHERE   ("county_spending_detail"."service" = 'General Government'   AND ("county_spending_detail"."service" <> 'General Government'   AND ("county_spending_detail"."fiscal_year_period" >= 1    AND "county_spending_detail"."service" IS NULL )   AND "county_spending_detail"."fiscal_year_period" >= 1))   GROUP BY "county_spending_detail"."fiscal_year_period"  LIMIT 75  OFFSET 75 
SELECT "county_spending_detail"."department"  FROM "county_spending_detail"  WHERE    "county_spending_detail"."fiscal_year_period" IS NOT NULL    AND  ("county_spending_detail"."department" IS NOT NULL )  LIMIT 11  OFFSET 8 
SELECT "county_spending_detail"."fiscal_year_period"  FROM "county_spending_detail"  LEFT JOIN  "periods"  ON "county_spending_detail"."fiscal_year_period" = "periods"."period"  WHERE    "county_spending_detail"."service" IS NULL    GROUP BY "county_spending_detail"."fiscal_year_period"  ORDER BY "county_spending_detail"."fiscal_year_period"  DESC  LIMIT 20  OFFSET 68 
SELECT "county_spending_detail"."department"  FROM "county_spending_detail"  LEFT JOIN  "service_hierarchy"  ON "county_spending_detail"."fiscal_year" = "service_hierarchy"."fiscal_year"  AND "county_spending_detail"."service" = "service_hierarchy"."service"  WHERE   "county_spending_detail"."service" = 'General Government'    AND ("service_hierarchy"."fiscal_year" IS NULL     OR ("service_hierarchy"."service" IS NULL ))   LIMIT 14  OFFSET 49 
SELECT "county_spending_detail"."service"  FROM "county_spending_detail"  WHERE   "county_spending_detail"."service" LIKE 'General%'   ORDER BY "county_spending_detail"."service"  DESC  LIMIT 43  OFFSET 94 
SELECT "county_spending_detail"."fiscal_year_period"  FROM "county_spending_detail"  LEFT JOIN  "periods"  ON "county_spending_detail"."fiscal_year_period" = "periods"."period"  WHERE   ("county_spending_detail"."service" = 'General Government'   AND "county_spending_detail"."service" >= 'General Government'   AND ("county_spending_detail"."service" >= 'General Government'   AND "county_spending_detail"."service" LIKE 'General%'   AND "county_spending_detail"."fiscal_year_period" NOT IN (1,2)))   AND  ("county_spending_detail"."fiscal_year_period" IS NOT NULL )  GROUP BY "county_spending_detail"."fiscal_year_period"  ORDER BY "county_spending_detail"."fiscal_year_period"  DESC  LIMIT 89  OFFSET 21 
SELECT "county_spending_detail"."department"  FROM "county_spending_detail"  WHERE   "county_spending_detail"."fiscal_year_period" <= 1   GROUP BY "county_spending_detail"."department"  LIMIT 69  OFFSET 47 
SELECT "county_spending_detail"."department"  FROM "county_spending_detail"  LEFT JOIN  "service_hierarchy"  ON "county_spending_detail"."fiscal_year" = "service_hierarchy"."fiscal_year"  AND "county_spending_detail"."service" = "service_hierarchy"."service"  WHERE    "county_spending_detail"."fiscal_year_period" IS NOT NULL    AND  ("county_spending_detail"."department" IS NOT NULL )  GROUP BY "county_spending_detail"."department"  ORDER BY "county_spending_detail"."department"  DESC  LIMIT 76  OFFSET 35 
SELECT "county_spending_detail"."department"  FROM "county_spending_detail"  WHERE   "county_spending_detail"."service" = 'General Government'   AND  ("county_spending_detail"."department" IS NOT NULL )  LIMIT 82  OFFSET 53 
SELECT "county_spending_detail"."department"  FROM "county_spending_detail"  WHERE   ("county_spending_detail"."service" = 'General Government'   AND ("county_spending_detail"."fiscal_year_period" <= 1   AND "county_spending_detail"."fiscal_year_period" NOT IN (1,2)   AND "county_spending_detail"."service" NOT LIKE '%Government')   AND ("county_spending_detail"."service" NOT IN ('Housing and Community Development')   AND ("county_spending_detail"."service" IN ('General Government','Housing and Community Development')   AND "county_spending_detail"."service" = 'General Government'    AND "county_spending_detail"."fiscal_year_period" IS NULL )   AND "county_spending_detail"."service" > 'General Government'   AND "county_spending_detail"."service" >= 'General Government'    AND "county_spending_detail"."fiscal_year_period" IS NULL     AND "county_spending_detail"."service" IS NOT NULL ))   AND  ("county_spending_detail"."department" IS NOT NULL )  ORDER BY "county_spending_detail"."department"  DESC  LIMIT 99  OFFSET 56 
SELECT "county_spending_detail"."department"  FROM "county_spending_detail"  LEFT JOIN  "service_hierarchy"  ON "county_spending_detail"."fiscal_year" = "service_hierarchy"."fiscal_year"  AND "county_spending_detail"."service" = "service_hierarchy"."service"  WHERE   "county_spending_detail"."service" > 'General Government'    AND ("service_hierarchy"."fiscal_year" IS NULL     OR ("service_hierarchy"."service" IS NULL ))   AND  ("county_spending_detail"."department" IS NOT NULL )  LIMIT 75  OFFSET 36 
SELECT "county_spending_detail"."department"  FROM "county_spending_detail"  LEFT JOIN  "periods"  ON "county_spending_detail"."fiscal_year_period" = "periods"."period"  WHERE   ("county_spending_detail"."service" = 'General Government'    AND ("county_spending_detail"."service" IS NULL    AND "county_spending_detail"."service" <> 'General Government')    AND "periods"."period" IS NULL )   AND  ("county_spending_detail"."department" IS NOT NULL )  GROUP BY "county_spending_detail"."department"  ORDER BY "county_spending_detail"."department"  DESC  LIMIT 30  OFFSET 21 
SELECT "county_spending_detail"."fiscal_year_period"  FROM "county_spending_detail"  LEFT JOIN  "periods"  ON "county_spending_detail"."fiscal_year_period" = "periods"."period"  WHERE   "county_spending_detail"."service" < 'General Government'    AND "periods"."period" IS NULL    LIMIT 20  OFFSET 55 
SELECT "county_spending_detail"."department"  FROM "county_spending_detail"  WHERE   ("county_spending_detail"."service" = 'General Government'   AND "county_spending_detail"."service" = 'General Government'   AND ("county_spending_detail"."service" <> 'General Government'   AND ("county_spending_detail"."fiscal_year_period" <= 1    AND "county_spending_detail"."service" IS NULL )   AND "county_spending_detail"."service" = 'General Government')   AND "county_spending_detail"."fiscal_year_period" >= 1    AND "county_spending_detail"."fiscal_year_period" IS NOT NULL     AND "county_spending_detail"."service" IS NULL     AND "county_spending_detail"."service" IS NOT NULL     AND ("county_spending_detail"."service" IS NULL     AND "county_spending_detail"."service" IS NOT NULL     AND "county_spending_detail"."service" IS NOT NULL ))   AND  ("county_spending_detail"."department" IS NOT NULL )  GROUP BY "county_spending_detail"."department"  LIMIT 97  OFFSET 43 
SELECT "county_spending_detail"."service", "county_spending_detail"."service"  FROM "county_spending_detail"  LEFT JOIN  "periods"  ON "county_spending_detail"."fiscal_year_period" = "periods"."period"  WHERE   "county_spending_detail"."fiscal_year_period" < 1   AND  ("county_spending_detail"."service" IS NOT NULL  OR "county_spending_detail"."service" IS NOT NULL )  LIMIT 9  OFFSET 90 
SELECT "county_spending_detail"."department"  FROM "county_spending_detail"  LEFT JOIN  "periods"  ON "county_spending_detail"."fiscal_year_period" = "periods"."period"  WHERE   ("county_spending_detail"."service" = 'General Government'   AND "county_spending_detail"."service" >= 'General Government'   AND ("county_spending_detail"."service" LIKE 'General%'   AND "county_spending_detail"."service" <> 'General Government'   AND "county_spending_detail"."fiscal_year_period" < 1)   AND "county_spending_detail"."service" = 'General Government'   AND "county_spending_detail"."fiscal_year_period" >= 1   AND ("county_spending_detail"."service" >= 'General Government'   AND "county_spending_detail"."fiscal_year_period" >= 1)   AND ("county_spending_detail"."fiscal_year_period" IN (1,2)   AND ("county_spending_detail"."service" NOT LIKE '%Government'   AND "county_spending_detail"."service" > 'General Government'    AND "county_spending_detail"."fiscal_year_period" IS NOT NULL )    AND "county_spending_detail"."fiscal_year_period" IS NULL )   AND "county_spending_detail"."service" = 'General Government'   AND "county_spending_detail"."service" LIKE 'General%')   AND  ("county_spending_detail"."department" IS NOT NULL )  GROUP BY "county_spending_detail"."department"  LIMIT 23  OFFSET 81 
SELECT "county_spending_detail"."service"  FROM "county_spending_detail"  LEFT JOIN  "service_hierarchy"  ON "county_spending_detail"."fiscal_year" = "service_hierarchy"."fiscal_year"  AND "county_spending_detail"."service" = "service_hierarchy"."service"  WHERE   "county_spending_detail"."fiscal_year_period" <> 1    AND ("service_hierarchy"."fiscal_year" IS NULL     OR ("service_hierarchy"."service" IS NULL ))   AND  ("county_spending_detail"."service" IS NOT NULL )  GROUP BY "county_spending_detail"."service"  LIMIT 40  OFFSET 52 
SELECT "county_spending_detail"."department", "county_spending_detail"."department"  FROM "county_spending_detail"  LEFT JOIN  "service_hierarchy"  ON "county_spending_detail"."fiscal_year" = "service_hierarchy"."fiscal_year"  AND "county_spending_detail"."service" = "service_hierarchy"."service"  WHERE   "county_spending_detail"."service" > 'General Government'   ORDER BY "county_spending_detail"."department", "county_spending_detail"."department"  DESC  LIMIT 23  OFFSET 64 
SELECT "county_spending_detail"."department"  FROM "county_spending_detail"  WHERE   ("county_spending_detail"."service" = 'General Government'   AND ("county_spending_detail"."service" IN ('General Government','Housing and Community Development')   AND "county_spending_detail"."fiscal_year_period" > 1    AND ("county_spending_detail"."service" IS NULL    AND "county_spending_detail"."fiscal_year_period" IN (1,2))   AND ("county_spending_detail"."service" NOT IN ('Housing and Community Development')   AND "county_spending_detail"."fiscal_year_period" IN (1,2)    AND "county_spending_detail"."service" IS NULL )   AND ("county_spending_detail"."fiscal_year_period" IN (1,2)   AND "county_spending_detail"."service" IN ('General Government','Housing and Community Development'))))   LIMIT 5  OFFSET 67 
SELECT "county_spending_detail"."fiscal_year_period", "county_spending_detail"."fiscal_year_period"  FROM "county_spending_detail"  LEFT JOIN  "service_hierarchy"  ON "county_spending_detail"."fiscal_year" = "service_hierarchy"."fiscal_year"  AND "county_spending_detail"."service" = "service_hierarchy"."service"  WHERE   ("county_spending_detail"."service" = 'General Government'   AND "county_spending_detail"."service" = 'General Government'   AND "county_spending_detail"."fiscal_year_period" <> 1    AND ("county_spending_detail"."service" IS NOT NULL     AND "county_spending_detail"."fiscal_year_period" IS NOT NULL    AND "county_spending_detail"."service" = 'General Government'   AND "county_spending_detail"."service" >= 'General Government')   AND "county_spending_detail"."service" < 'General Government'   AND ("county_spending_detail"."service" > 'General Government'    AND ("county_spending_detail"."fiscal_year_period" IS NOT NULL    AND ("county_spending_detail"."fiscal_year_period" > 1   AND "county_spending_detail"."service" <> 'General Government'))))   AND  ("county_spending_detail"."fiscal_year_period" IS NOT NULL  OR "county_spending_detail"."fiscal_year_period" IS NOT NULL )  ORDER BY "county_spending_detail"."fiscal_year_period", "county_spending_detail"."fiscal_year_period"  DESC  LIMIT 11  OFFSET 2 
SELECT "county_spending_detail"."service"  FROM "county_spending_detail"  WHERE   ("county_spending_detail"."service" = 'General Government'   AND ("county_spending_detail"."service" IN ('General Government','Housing and Community Development')   AND ("county_spending_detail"."fiscal_year_period" IN (1,2)   AND "county_spending_detail"."fiscal_year_period" >= 1)   AND "county_spending_detail"."service" <= 'General Government'   AND "county_spending_detail"."service" NOT LIKE '%Government'   AND "county_spending_detail"."service" IN ('General Government','Housing and Community Development')   AND "county_spending_detail"."fiscal_year_period" >= 1   AND "county_spending_detail"."service" LIKE 'General%'   AND "county_spending_detail"."fiscal_year_period" IN (1,2)))   GROUP BY "county_spending_detail"."service"  ORDER BY "county_spending_detail"."service"  DESC  LIMIT 66  OFFSET 22 
SELECT "county_spending_detail"."fiscal_year_period", "county_spending_detail"."fiscal_year_period"  FROM "county_spending_detail"  LEFT JOIN  "periods"  ON "county_spending_detail"."fiscal_year_period" = "periods"."period"  WHERE    "county_spending_detail"."fiscal_year_period" IS NULL     AND "periods"."period" IS NULL    GROUP BY "county_spending_detail"."fiscal_year_period", "county_spending_detail"."fiscal_year_period"  LIMIT 35  OFFSET 33 
SELECT "county_spending_detail"."department"  FROM "county_spending_detail"  WHERE   "county_spending_detail"."fiscal_year_period" > 1   AND  ("county_spending_detail"."department" IS NOT NULL )  GROUP BY "county_spending_detail"."department"  ORDER BY "county_spending_detail"."department"  DESC  LIMIT 6  OFFSET 48 
SELECT "county_spending_detail"."fiscal_year_period"  FROM "county_spending_detail"  LEFT JOIN  "periods"  ON "county_spending_detail"."fiscal_year_period" = "periods"."period"  WHERE   ("county_spending_detail"."service" = 'General Government'    AND ("county_spending_detail"."fiscal_year_period" IS NOT NULL    AND "county_spending_detail"."fiscal_year_period" < 1)   AND "county_spending_detail"."service" >= 'General Government'    AND ("county_spending_detail"."fiscal_year_period" IS NULL    AND "county_spending_detail"."fiscal_year_period" NOT IN (1,2)   AND "county_spending_detail"."service" > 'General Government')   AND "county_spending_detail"."fiscal_year_period" NOT IN (1,2)   AND "county_spending_detail"."fiscal_year_period" <= 1   AND "county_spending_detail"."service" LIKE 'General%')   AND  ("county_spending_detail"."fiscal_year_period" IS NOT NULL )  ORDER BY "county_spending_detail"."fiscal_year_period"  DESC  LIMIT 29  OFFSET 13 
SELECT "county_spending_detail"."department"  FROM "county_spending_detail"  WHERE    "county_spending_detail"."fiscal_year_period" IS NULL    AND  ("county_spending_detail"."department" IS NOT NULL )  GROUP BY "county_spending_detail"."department"  LIMIT 77  OFFSET 48 
SELECT "county_spending_detail"."fiscal_year_period"  FROM "county_spending_detail"  WHERE   ("county_spending_detail"."service" = 'General Government'   AND ("county_spending_detail"."fiscal_year_period" <= 1   AND ("county_spending_detail"."fiscal_year_period" >= 1    AND "county_spending_detail"."service" IS NULL )   AND ("county_spending_detail"."fiscal_year_period" < 1    AND ("county_spending_detail"."fiscal_year_period" IS NOT NULL    AND ("county_spending_detail"."service" = 'General Government'   AND "county_spending_detail"."service" <> 'General Government')   AND "county_spending_detail"."fiscal_year_period" IN (1,2)))))   AND  ("county_spending_detail"."fiscal_year_period" IS NOT NULL )  GROUP BY "county_spending_detail"."fiscal_year_period"  LIMIT 6  OFFSET 31 
SELECT "county_spending_detail"."department", "county_spending_detail"."department"  FROM "county_spending_detail"  WHERE   ("county_spending_detail"."service" = 'General Government'   AND "county_spending_detail"."service" <> 'General Government'    AND ("county_spending_detail"."service" IS NULL    AND "county_spending_detail"."service" NOT IN ('Housing and Community Development')   AND "county_spending_detail"."service" LIKE 'General%')   AND ("county_spending_detail"."service" <> 'General Government'   AND "county_spending_detail"."service" < 'General Government'   AND "county_spending_detail"."service" >= 'General Government'   AND "county_spending_detail"."fiscal_year_period" < 1   AND ("county_spending_detail"."fiscal_year_period" <= 1    AND "county_spending_detail"."fiscal_year_period" IS NOT NULL    AND ("county_spending_detail"."fiscal_year_period" <= 1   AND "county_spending_detail"."service" > 'General Government'))))   GROUP BY "county_spending_detail"."department", "county_spending_detail"."department"  LIMIT 40  OFFSET 32 
SELECT "county_spending_detail"."department"  FROM "county_spending_detail"  WHERE   ("county_spending_detail"."service" = 'General Government'   AND ("county_spending_detail"."fiscal_year_period" <= 1   AND "county_spending_detail"."service" <> 'General Government')   AND "county_spending_detail"."fiscal_year_period" NOT IN (1,2)   AND "county_spending_detail"."fiscal_year_period" <= 1   AND "county_spending_detail"."service" = 'General Government')   AND  ("county_spending_detail"."department" IS NOT NULL )  LIMIT 2  OFFSET 12 
SELECT "county_spending_detail"."fiscal_year_period"  FROM "county_spending_detail"  LEFT JOIN  "periods"  ON "county_spending_detail"."fiscal_year_period" = "periods"."period"  WHERE   "county_spending_detail"."service" LIKE 'General%'   ORDER BY "county_spending_detail"."fiscal_year_period"  ASC  LIMIT 15  OFFSET 97 
SELECT "county_spending_detail"."department"  FROM "county_spending_detail"  LEFT JOIN  "periods"  ON "county_spending_detail"."fiscal_year_period" = "periods"."period"  WHERE   ("county_spending_detail"."service" = 'General Government'   AND ("county_spending_detail"."fiscal_year_period" NOT IN (1,2)   AND "county_spending_detail"."service" < 'General Government'   AND ("county_spending_detail"."fiscal_year_period" < 1   AND "county_spending_detail"."fiscal_year_period" >= 1    AND ("county_spending_detail"."service" IS NULL    AND ("county_spending_detail"."service" NOT LIKE '%Government'   AND "county_spending_detail"."service" NOT LIKE '%Government')   AND "county_spending_detail"."fiscal_year_period" NOT IN (1,2))   AND "county_spending_detail"."service" <= 'General Government'    AND "county_spending_detail"."fiscal_year_period" IS NULL    AND "county_spending_detail"."fiscal_year_period" < 1   AND ("county_spending_detail"."service" = 'General Government'   AND ("county_spending_detail"."service" IN ('General Government','Housing and Community Development')   AND "county_spending_detail"."service" NOT LIKE '%Government'   AND "county_spending_detail"."fiscal_year_period" <> 1)    AND ("county_spending_detail"."fiscal_year_period" IS NOT NULL     AND "county_spending_detail"."fiscal_year_period" IS NULL )    AND "periods"."period" IS NULL ))))   GROUP BY "county_spending_detail"."department"  LIMIT 31  OFFSET 87 
SELECT "county_spending_detail"."fiscal_year_period"  FROM "county_spending_detail"  WHERE   "county_spending_detail"."fiscal_year_period" IN (1,2)   AND  ("county_spending_detail"."fiscal_year_period" IS NOT NULL )  LIMIT 47  OFFSET 62 
SELECT "county_spending_detail"."fiscal_year_period"  FROM "county_spending_detail"  WHERE   "county_spending_detail"."service" <> 'General Government'   ORDER BY "county_spending_detail"."fiscal_year_period"  ASC  LIMIT 49  OFFSET 56 
SELECT "county_spending_detail"."service"  FROM "county_spending_detail"  LEFT JOIN  "service_hierarchy"  ON "county_spending_detail"."fiscal_year" = "service_hierarchy"."fiscal_year"  AND "county_spending_detail"."service" = "service_hierarchy"."service"  WHERE   ("county_spending_detail"."service" = 'General Government'   AND ("county_spending_detail"."service" LIKE 'General%'   AND "county_spending_detail"."service" IN ('General Government','Housing and Community Development'))    AND ("county_spending_detail"."service" IS NOT NULL     AND "county_spending_detail"."service" IS NULL )   AND "county_spending_detail"."fiscal_year_period" <> 1   AND "county_spending_detail"."fiscal_year_period" > 1   AND "county_spending_detail"."service" NOT LIKE '%Government'   AND ("county_spending_detail"."service" IN ('General Government','Housing and Community Development')   AND ("county_spending_detail"."service" < 'General Government'   AND "county_spending_detail"."service" IN ('General Government','Housing and Community Development')   AND "county_spending_detail"."fiscal_year_period" <= 1    AND ("county_spending_detail"."fiscal_year_period" IS NULL    AND "county_spending_detail"."service" NOT LIKE '%Government')   AND ("county_spending_detail"."service" >= 'General Government'   AND ("county_spending_detail"."fiscal_year_period" > 1   AND "county_spending_detail"."fiscal_year_period" IN (1,2))   AND "county_spending_detail"."fiscal_year_period" IN (1,2))   AND "county_spending_detail"."fiscal_year_period" NOT IN (1,2))))   LIMIT 52  OFFSET 66 
SELECT "county_spending_detail"."service"  FROM "county_spending_detail"  WHERE   "county_spending_detail"."fiscal_year_period" <= 1   AND  ("county_spending_detail"."service" IS NOT NULL )  LIMIT 66  OFFSET 92 
SELECT "county_spending_detail"."service"  FROM "county_spending_detail"  LEFT JOIN  "service_hierarchy"  ON "county_spending_detail"."fiscal_year" = "service_hierarchy"."fiscal_year"  AND "county_spending_detail"."service" = "service_hierarchy"."service"  WHERE   ("county_spending_detail"."service" = 'General Government'   AND "county_spending_detail"."service" > 'General Government'   AND "county_spending_detail"."fiscal_year_period" IN (1,2)   AND "county_spending_detail"."service" < 'General Government'   AND "county_spending_detail"."fiscal_year_period" <= 1   AND ("county_spending_detail"."service" >= 'General Government'   AND ("county_spending_detail"."service" <= 'General Government'   AND "county_spending_detail"."service" NOT IN ('Housing and Community Development')   AND ("county_spending_detail"."service" NOT LIKE '%Government'   AND "county_spending_detail"."fiscal_year_period" > 1)   AND ("county_spending_detail"."service" NOT LIKE '%Government'   AND "county_spending_detail"."service" = 'General Government'    AND "county_spending_detail"."service" IS NULL )   AND "county_spending_detail"."service" <= 'General Government'   AND ("county_spending_detail"."service" <= 'General Government'   AND "county_spending_detail"."service" = 'General Government')   AND "county_spending_detail"."fiscal_year_period" <> 1   AND "county_spending_detail"."service" = 'General Government'   AND "county_spending_detail"."service" NOT LIKE '%Government')    AND ("service_hierarchy"."fiscal_year" IS NULL     OR ("service_hierarchy"."service" IS NULL ))))   AND  ("county_spending_detail"."service" IS NOT NULL )  GROUP BY "county_spending_detail"."service"  LIMIT 93  OFFSET 24 
SELECT "county_spending_detail"."department"  FROM "county_spending_detail"  WHERE   "county_spending_detail"."service" NOT IN ('Housing and Community Development')   GROUP BY "county_spending_detail"."department"  LIMIT 8  OFFSET 13 
SELECT "county_spending_detail"."service"  FROM "county_spending_detail"  WHERE   ("county_spending_detail"."service" = 'General Government'    AND ("county_spending_detail"."fiscal_year_period" IS NOT NULL    AND ("county_spending_detail"."fiscal_year_period" <> 1    AND "county_spending_detail"."service" IS NOT NULL )   AND "county_spending_detail"."service" > 'General Government'))   ORDER BY "county_spending_detail"."service"  DESC  LIMIT 21  OFFSET 37 
SELECT "county_spending_detail"."service"  FROM "county_spending_detail"  WHERE   ("county_spending_detail"."service" = 'General Government'   AND ("county_spending_detail"."service" > 'General Government'   AND ("county_spending_detail"."fiscal_year_period" NOT IN (1,2)   AND "county_spending_detail"."service" <> 'General Government')   AND ("county_spending_detail"."service" NOT IN ('Housing and Community Development')    AND ("county_spending_detail"."service" IS NOT NULL    AND "county_spending_detail"."service" >= 'General Government'   AND "county_spending_detail"."service" <> 'General Government')    AND "county_spending_detail"."fiscal_year_period" IS NULL    AND ("county_spending_detail"."service" NOT IN ('Housing and Community Development')   AND "county_spending_detail"."service" >= 'General Government'    AND "county_spending_detail"."fiscal_year_period" IS NULL ))))   AND  ("county_spending_detail"."service" IS NOT NULL )  ORDER BY "county_spending_detail"."service"  DESC  LIMIT 56  OFFSET 70 
SELECT "county_spending_detail"."service"  FROM "county_spending_detail"  WHERE   ("county_spending_detail"."service" = 'General Government'   AND ("county_spending_detail"."service" >= 'General Government'   AND "county_spending_detail"."service" > 'General Government')   AND ("county_spending_detail"."service" NOT IN ('Housing and Community Development')    AND "county_spending_detail"."fiscal_year_period" IS NULL    AND "county_spending_detail"."service" <= 'General Government')   AND ("county_spending_detail"."service" > 'General Government'   AND ("county_spending_detail"."fiscal_year_period" > 1   AND "county_spending_detail"."fiscal_year_period" NOT IN (1,2)   AND "county_spending_detail"."fiscal_year_period" > 1   AND "county_spending_detail"."service" <= 'General Government')    AND "county_spending_detail"."fiscal_year_period" IS NOT NULL    AND "county_spending_detail"."service" IN ('General Government','Housing and Community Development')   AND "county_spending_detail"."service" NOT LIKE '%Government'))   GROUP BY "county_spending_detail"."service"  LIMIT 74  OFFSET 95 
SELECT "county_spending_detail"."service"  FROM "county_spending_detail"  WHERE   "county_spending_detail"."service" < 'General Government'   AND  ("county_spending_detail"."service" IS NOT NULL )  GROUP BY "county_spending_detail"."service"  ORDER BY "county_spending_detail"."service"  DESC  LIMIT 85  OFFSET 44 
SELECT "county_spending_detail"."department"  FROM "county_spending_detail"  LEFT JOIN  "periods"  ON "county_spending_detail"."fiscal_year_period" = "periods"."period"  WHERE   "county_spending_detail"."service" = 'General Government'    AND "periods"."period" IS NULL    ORDER BY "county_spending_detail"."department"  DESC  LIMIT 13  OFFSET 8 
SELECT "county_spending_detail"."service"  FROM "county_spending_detail"  WHERE   "county_spending_detail"."service" > 'General Government'   ORDER BY "county_spending_detail"."service"  DESC  LIMIT 85  OFFSET 63 
SELECT "county_spending_detail"."service"  FROM "county_spending_detail"  WHERE   "county_spending_detail"."fiscal_year_period" <> 1   LIMIT 21  OFFSET 47 
SELECT "county_spending_detail"."service", "county_spending_detail"."service"  FROM "county_spending_detail"  WHERE   ("county_spending_detail"."service" = 'General Government'    AND ("county_spending_detail"."fiscal_year_period" IS NOT NULL    AND ("county_spending_detail"."service" > 'General Government'   AND "county_spending_detail"."service" >= 'General Government')   AND "county_spending_detail"."service" > 'General Government')   AND "county_spending_detail"."fiscal_year_period" NOT IN (1,2)   AND ("county_spending_detail"."service" <> 'General Government'   AND "county_spending_detail"."service" NOT IN ('Housing and Community Development')   AND ("county_spending_detail"."service" > 'General Government'   AND "county_spending_detail"."service" NOT IN ('Housing and Community Development')   AND "county_spending_detail"."service" >= 'General Government')   AND ("county_spending_detail"."service" = 'General Government'   AND ("county_spending_detail"."service" = 'General Government'   AND "county_spending_detail"."fiscal_year_period" >= 1)   AND "county_spending_detail"."fiscal_year_period" IN (1,2)    AND "county_spending_detail"."fiscal_year_period" IS NOT NULL    AND ("county_spending_detail"."fiscal_year_period" >= 1    AND "county_spending_detail"."fiscal_year_period" IS NOT NULL ))))   ORDER BY "county_spending_detail"."service", "county_spending_detail"."service"  ASC  LIMIT 58  OFFSET 90 
SELECT "county_spending_detail"."service", "county_spending_detail"."service"  FROM "county_spending_detail"  LEFT JOIN  "service_hierarchy"  ON "county_spending_detail"."fiscal_year" = "service_hierarchy"."fiscal_year"  AND "county_spending_detail"."service" = "service_hierarchy"."service"  WHERE   ("county_spending_detail"."service" = 'General Government'    AND ("county_spending_detail"."service" IS NULL    AND "county_spending_detail"."service" NOT LIKE '%Government')   AND "county_spending_detail"."fiscal_year_period" <= 1   AND ("county_spending_detail"."fiscal_year_period" >= 1   AND "county_spending_detail"."fiscal_year_period" <= 1)    AND ("county_spending_detail"."service" IS NULL     AND "county_spending_detail"."service" IS NULL )   AND "county_spending_detail"."service" < 'General Government'    AND "county_spending_detail"."service" IS NOT NULL )    AND ("service_hierarchy"."fiscal_year" IS NULL     OR ("service_hierarchy"."service" IS NULL ))   AND  ("county_spending_detail"."service" IS NOT NULL  OR "county_spending_detail"."service" IS NOT NULL )  GROUP BY "county_spending_detail"."service", "county_spending_detail"."service"  LIMIT 19  OFFSET 14 
SELECT "county_spending_detail"."service", "county_spending_detail"."department"  FROM "county_spending_detail"  LEFT JOIN  "service_hierarchy"  ON "county_spending_detail"."fiscal_year" = "service_hierarchy"."fiscal_year"  AND "county_spending_detail"."service" = "service_hierarchy"."service"  WHERE   "county_spending_detail"."service" = 'General Government'    AND ("service_hierarchy"."fiscal_year" IS NULL     OR ("service_hierarchy"."service" IS NULL ))   GROUP BY "county_spending_detail"."service", "county_spending_detail"."department"  ORDER BY "county_spending_detail"."service", "county_spending_detail"."department"  ASC  LIMIT 35  OFFSET 40 
SELECT "county_spending_detail"."service"  FROM "county_spending_detail"  LEFT JOIN  "periods"  ON "county_spending_detail"."fiscal_year_period" = "periods"."period"  WHERE   "county_spending_detail"."service" < 'General Government'    AND "periods"."period" IS NULL    GROUP BY "county_spending_detail"."service"  ORDER BY "county_spending_detail"."service"  DESC  LIMIT 82  OFFSET 17 
SELECT "county_spending_detail"."fiscal_year_period"  FROM "county_spending_detail"  WHERE   "county_spending_detail"."service" <= 'General Government'   ORDER BY "county_spending_detail"."fiscal_year_period"  ASC  LIMIT 60  OFFSET 22 
SELECT "county_spending_detail"."fiscal_year_period"  FROM "county_spending_detail"  WHERE   ("county_spending_detail"."service" = 'General Government'   AND "county_spending_detail"."service" = 'General Government'    AND ("county_spending_detail"."service" IS NULL    AND "county_spending_detail"."fiscal_year_period" < 1    AND ("county_spending_detail"."fiscal_year_period" IS NOT NULL    AND "county_spending_detail"."service" >= 'General Government')   AND "county_spending_detail"."service" <= 'General Government'    AND "county_spending_detail"."service" IS NOT NULL ))   GROUP BY "county_spending_detail"."fiscal_year_period"  ORDER BY "county_spending_detail"."fiscal_year_period"  ASC  LIMIT 78  OFFSET 98 
SELECT "county_spending_detail"."fiscal_year_period"  FROM "county_spending_detail"  LEFT JOIN  "service_hierarchy"  ON "county_spending_detail"."fiscal_year" = "service_hierarchy"."fiscal_year"  AND "county_spending_detail"."service" = "service_hierarchy"."service"  WHERE   ("county_spending_detail"."service" = 'General Government'   AND "county_spending_detail"."service" NOT LIKE '%Government'    AND "county_spending_detail"."fiscal_year_period" IS NULL    AND ("county_spending_detail"."service" LIKE 'General%'   AND "county_spending_detail"."service" NOT LIKE '%Government'   AND ("county_spending_detail"."service" LIKE 'General%'   AND "county_spending_detail"."service" LIKE 'General%')))   LIMIT 64  OFFSET 96 
SELECT "county_spending_detail"."department", "county_spending_detail"."service"  FROM "county_spending_detail"  LEFT JOIN  "periods"  ON "county_spending_detail"."fiscal_year_period" = "periods"."period"  WHERE   ("county_spending_detail"."service" = 'General Government'   AND "county_spending_detail"."service" NOT IN ('Housing and Community Development'))    AND "periods"."period" IS NULL    ORDER BY "county_spending_detail"."department", "county_spending_detail"."service"  DESC  LIMIT 37  OFFSET 63 
SELECT "county_spending_detail"."department", "county_spending_detail"."service"  FROM "county_spending_detail"  LEFT JOIN  "periods"  ON "county_spending_detail"."fiscal_year_period" = "periods"."period"  WHERE   ("county_spending_detail"."service" = 'General Government'   AND ("county_spending_detail"."service" NOT LIKE '%Government'   AND "county_spending_detail"."service" < 'General Government')   AND "county_spending_detail"."fiscal_year_period" <= 1   AND ("county_spending_detail"."service" LIKE 'General%'   AND "county_spending_detail"."fiscal_year_period" > 1)   AND ("county_spending_detail"."service" NOT LIKE '%Government'   AND "county_spending_detail"."fiscal_year_period" NOT IN (1,2)   AND "county_spending_detail"."service" NOT IN ('Housing and Community Development'))   AND "county_spending_detail"."service" <= 'General Government'   AND ("county_spending_detail"."service" <> 'General Government'    AND ("county_spending_detail"."service" IS NOT NULL    AND "county_spending_detail"."service" IN ('General Government','Housing and Community Development'))    AND ("county_spending_detail"."service" IS NULL    AND ("county_spending_detail"."service" >= 'General Government'   AND "county_spending_detail"."service" = 'General Government'   AND "county_spending_detail"."service" > 'General Government'))))   AND  ("county_spending_detail"."department" IS NOT NULL  OR "county_spending_detail"."service" IS NOT NULL )  GROUP BY "county_spending_detail"."department", "county_spending_detail"."service"  LIMIT 92  OFFSET 23 
SELECT "county_spending_detail"."service"  FROM "county_spending_detail"  LEFT JOIN  "periods"  ON "county_spending_detail"."fiscal_year_period" = "periods"."period"  WHERE   ("county_spending_detail"."service" = 'General Government'   AND ("county_spending_detail"."fiscal_year_period" IN (1,2)   AND "county_spending_detail"."fiscal_year_period" NOT IN (1,2)   AND "county_spending_detail"."fiscal_year_period" <= 1   AND "county_spending_detail"."service" > 'General Government')   AND "county_spending_detail"."service" < 'General Government'   AND "county_spending_detail"."service" <= 'General Government'   AND "county_spending_detail"."fiscal_year_period" > 1    AND "county_spending_detail"."fiscal_year_period" IS NOT NULL    AND "county_spending_detail"."service" IN ('General Government','Housing and Community Development')   AND ("county_spending_detail"."service" = 'General Government'   AND "county_spending_detail"."fiscal_year_period" >= 1)    AND "periods"."period" IS NULL )   GROUP BY "county_spending_detail"."service"  ORDER BY "county_spending_detail"."service"  ASC  LIMIT 61  OFFSET 96 
SELECT "county_spending_detail"."service"  FROM "county_spending_detail"  WHERE    "county_spending_detail"."service" IS NULL    GROUP BY "county_spending_detail"."service"  LIMIT 13  OFFSET 83 
SELECT "county_spending_detail"."service"  FROM "county_spending_detail"  WHERE   "county_spending_detail"."fiscal_year_period" > 1   AND  ("county_spending_detail"."service" IS NOT NULL )  GROUP BY "county_spending_detail"."service"  LIMIT 42  OFFSET 12 
SELECT "county_spending_detail"."fiscal_year_period"  FROM "county_spending_detail"  LEFT JOIN  "service_hierarchy"  ON "county_spending_detail"."fiscal_year" = "service_hierarchy"."fiscal_year"  AND "county_spending_detail"."service" = "service_hierarchy"."service"  WHERE   "county_spending_detail"."service" = 'General Government'   AND  ("county_spending_detail"."fiscal_year_period" IS NOT NULL )  LIMIT 94  OFFSET 64 
SELECT "county_spending_detail"."department"  FROM "county_spending_detail"  LEFT JOIN  "service_hierarchy"  ON "county_spending_detail"."fiscal_year" = "service_hierarchy"."fiscal_year"  AND "county_spending_detail"."service" = "service_hierarchy"."service"  WHERE   ("county_spending_detail"."service" = 'General Government'   AND ("county_spending_detail"."service" NOT IN ('Housing and Community Development')   AND ("county_spending_detail"."fiscal_year_period" <> 1   AND "county_spending_detail"."fiscal_year_period" <= 1)    AND "county_spending_detail"."fiscal_year_period" IS NOT NULL     AND ("county_spending_detail"."service" IS NULL    AND "county_spending_detail"."service" <= 'General Government'   AND "county_spending_detail"."fiscal_year_period" >= 1   AND "county_spending_detail"."service" > 'General Government')    AND "county_spending_detail"."service" IS NOT NULL     AND "county_spending_detail"."fiscal_year_period" IS NULL    AND ("county_spending_detail"."service" = 'General Government'   AND ("county_spending_detail"."service" >= 'General Government'   AND "county_spending_detail"."service" NOT LIKE '%Government')   AND ("county_spending_detail"."fiscal_year_period" > 1   AND "county_spending_detail"."service" = 'General Government')   AND "county_spending_detail"."fiscal_year_period" >= 1)))   GROUP BY "county_spending_detail"."department"  ORDER BY "county_spending_detail"."department"  ASC  LIMIT 90  OFFSET 96 
SELECT "county_spending_detail"."department"  FROM "county_spending_detail"  LEFT JOIN  "periods"  ON "county_spending_detail"."fiscal_year_period" = "periods"."period"  WHERE   ("county_spending_detail"."service" = 'General Government'   AND ("county_spending_detail"."service" = 'General Government'   AND "county_spending_detail"."fiscal_year_period" > 1)   AND ("county_spending_detail"."service" <> 'General Government'   AND ("county_spending_detail"."service" <> 'General Government'    AND "county_spending_detail"."fiscal_year_period" IS NOT NULL )   AND "county_spending_detail"."fiscal_year_period" > 1)   AND "county_spending_detail"."fiscal_year_period" <> 1   AND ("county_spending_detail"."service" <= 'General Government'   AND "county_spending_detail"."service" >= 'General Government')   AND ("county_spending_detail"."service" < 'General Government'   AND ("county_spending_detail"."fiscal_year_period" > 1   AND "county_spending_detail"."fiscal_year_period" IN (1,2)   AND "county_spending_detail"."service" >= 'General Government')   AND "county_spending_detail"."service" NOT LIKE '%Government'   AND "county_spending_detail"."service" <= 'General Government')    AND "periods"."period" IS NULL )   ORDER BY "county_spending_detail"."department"  ASC  LIMIT 62  OFFSET 69 
SELECT "county_spending_detail"."department", "county_spending_detail"."service"  FROM "county_spending_detail"  WHERE   ("county_spending_detail"."service" = 'General Government'   AND "county_spending_detail"."fiscal_year_period" >= 1   AND "county_spending_detail"."service" < 'General Government'   AND ("county_spending_detail"."service" < 'General Government'    AND "county_spending_detail"."service" IS NOT NULL )   AND "county_spending_detail"."fiscal_year_period" IN (1,2)   AND "county_spending_detail"."service" LIKE 'General%'   AND "county_spending_detail"."service" = 'General Government'   AND "county_spending_detail"."service" = 'General Government'    AND ("county_spending_detail"."fiscal_year_period" IS NOT NULL    AND ("county_spending_detail"."service" NOT LIKE '%Government'   AND "county_spending_detail"."service" = 'General Government')   AND "county_spending_detail"."service" = 'General Government'   AND "county_spending_detail"."service" > 'General Government'    AND ("county_spending_detail"."fiscal_year_period" IS NULL    AND "county_spending_detail"."service" LIKE 'General%')))   ORDER BY "county_spending_detail"."department", "county_spending_detail"."service"  ASC  LIMIT 43  OFFSET 38 
SELECT "county_spending_detail"."fiscal_year_period"  FROM "county_spending_detail"  WHERE   "county_spending_detail"."fiscal_year_period" NOT IN (1,2)   GROUP BY "county_spending_detail"."fiscal_year_period"  LIMIT 82  OFFSET 75 
SELECT "county_spending_detail"."service"  FROM "county_spending_detail"  LEFT JOIN  "periods"  ON "county_spending_detail"."fiscal_year_period" = "periods"."period"  WHERE   ("county_spending_detail"."service" = 'General Government'    AND "county_spending_detail"."fiscal_year_period" IS NOT NULL    AND "county_spending_detail"."service" < 'General Government'   AND "county_spending_detail"."fiscal_year_period" NOT IN (1,2)   AND "county_spending_detail"."service" = 'General Government'   AND ("county_spending_detail"."service" = 'General Government'   AND ("county_spending_detail"."service" LIKE 'General%'   AND "county_spending_detail"."service" = 'General Government')   AND ("county_spending_detail"."fiscal_year_period" IN (1,2)   AND ("county_spending_detail"."service" <= 'General Government'   AND "county_spending_detail"."service" LIKE 'General%'))))   ORDER BY "county_spending_detail"."service"  DESC  LIMIT 5  OFFSET 66 
SELECT "county_spending_detail"."department"  FROM "county_spending_detail"  LEFT JOIN  "service_hierarchy"  ON "county_spending_detail"."fiscal_year" = "service_hierarchy"."fiscal_year"  AND "county_spending_detail"."service" = "service_hierarchy"."service"  WHERE   "county_spending_detail"."service" LIKE 'General%'    AND ("service_hierarchy"."fiscal_year" IS NULL     OR ("service_hierarchy"."service" IS NULL ))   GROUP BY "county_spending_detail"."department"  LIMIT 6  OFFSET 31 
SELECT "county_spending_detail"."department"  FROM "county_spending_detail"  LEFT JOIN  "periods"  ON "county_spending_detail"."fiscal_year_period" = "periods"."period"  WHERE   ("county_spending_detail"."service" = 'General Government'   AND "county_spending_detail"."fiscal_year_period" >= 1   AND ("county_spending_detail"."fiscal_year_period" > 1   AND "county_spending_detail"."fiscal_year_period" IN (1,2))    AND ("county_spending_detail"."service" IS NULL    AND "county_spending_detail"."fiscal_year_period" IN (1,2)))   LIMIT 39  OFFSET 84 
SELECT "county_spending_detail"."service"  FROM "county_spending_detail"  LEFT JOIN  "periods"  ON "county_spending_detail"."fiscal_year_period" = "periods"."period"  WHERE   ("county_spending_detail"."service" = 'General Government'    AND ("county_spending_detail"."fiscal_year_period" IS NULL    AND ("county_spending_detail"."fiscal_year_period" NOT IN (1,2)   AND "county_spending_detail"."service" IN ('General Government','Housing and Community Development')   AND ("county_spending_detail"."service" >= 'General Government'    AND "county_spending_detail"."fiscal_year_period" IS NULL    AND "county_spending_detail"."service" < 'General Government')    AND ("county_spending_detail"."fiscal_year_period" IS NOT NULL     AND "county_spending_detail"."service" IS NOT NULL )    AND ("county_spending_detail"."service" IS NULL    AND "county_spending_detail"."service" LIKE 'General%'))))   AND  ("county_spending_detail"."service" IS NOT NULL )  GROUP BY "county_spending_detail"."service"  ORDER BY "county_spending_detail"."service"  DESC  LIMIT 87  OFFSET 49 
SELECT "county_spending_detail"."fiscal_year_period"  FROM "county_spending_detail"  LEFT JOIN  "periods"  ON "county_spending_detail"."fiscal_year_period" = "periods"."period"  WHERE   ("county_spending_detail"."service" = 'General Government'   AND ("county_spending_detail"."fiscal_year_period" IN (1,2)   AND "county_spending_detail"."service" > 'General Government')   AND "county_spending_detail"."fiscal_year_period" <> 1   AND "county_spending_detail"."service" LIKE 'General%'   AND ("county_spending_detail"."service" LIKE 'General%'   AND "county_spending_detail"."fiscal_year_period" <> 1   AND ("county_spending_detail"."service" > 'General Government'    AND "county_spending_detail"."fiscal_year_period" IS NULL )   AND "county_spending_detail"."service" IN ('General Government','Housing and Community Development'))    AND "periods"."period" IS NULL )   AND  ("county_spending_detail"."fiscal_year_period" IS NOT NULL )  ORDER BY "county_spending_detail"."fiscal_year_period"  DESC  LIMIT 13  OFFSET 36 
SELECT "county_spending_detail"."service"  FROM "county_spending_detail"  WHERE   "county_spending_detail"."service" < 'General Government'   GROUP BY "county_spending_detail"."service"  LIMIT 36  OFFSET 38 
SELECT "county_spending_detail"."department", "county_spending_detail"."service"  FROM "county_spending_detail"  LEFT JOIN  "periods"  ON "county_spending_detail"."fiscal_year_period" = "periods"."period"  WHERE   ("county_spending_detail"."service" = 'General Government'   AND "county_spending_detail"."fiscal_year_period" <= 1   AND ("county_spending_detail"."fiscal_year_period" < 1    AND ("county_spending_detail"."service" IS NOT NULL    AND "county_spending_detail"."service" = 'General Government')   AND "county_spending_detail"."fiscal_year_period" IN (1,2)   AND "county_spending_detail"."fiscal_year_period" < 1   AND ("county_spending_detail"."fiscal_year_period" > 1   AND "county_spending_detail"."service" < 'General Government')   AND "county_spending_detail"."service" NOT IN ('Housing and Community Development')   AND ("county_spending_detail"."fiscal_year_period" IN (1,2)    AND "county_spending_detail"."service" IS NOT NULL    AND "county_spending_detail"."service" <> 'General Government'   AND "county_spending_detail"."fiscal_year_period" >= 1)    AND "periods"."period" IS NULL ))   AND  ("county_spending_detail"."department" IS NOT NULL  OR "county_spending_detail"."service" IS NOT NULL )  ORDER BY "county_spending_detail"."department", "county_spending_detail"."service"  ASC  LIMIT 0  OFFSET 72 
SELECT "county_spending_detail"."department", "county_spending_detail"."fiscal_year_period"  FROM "county_spending_detail"  WHERE   "county_spending_detail"."service" <> 'General Government'   ORDER BY "county_spending_detail"."department", "county_spending_detail"."fiscal_year_period"  DESC  LIMIT 5  OFFSET 2 
SELECT "county_spending_detail"."fiscal_year_period", "county_spending_detail"."fiscal_year_period"  FROM "county_spending_detail"  LEFT JOIN  "service_hierarchy"  ON "county_spending_detail"."fiscal_year" = "service_hierarchy"."fiscal_year"  AND "county_spending_detail"."service" = "service_hierarchy"."service"  WHERE    "county_spending_detail"."fiscal_year_period" IS NULL    ORDER BY "county_spending_detail"."fiscal_year_period", "county_spending_detail"."fiscal_year_period"  ASC  LIMIT 51  OFFSET 29 
SELECT "county_spending_detail"."fiscal_year_period"  FROM "county_spending_detail"  WHERE   ("county_spending_detail"."service" = 'General Government'    AND ("county_spending_detail"."service" IS NULL    AND "county_spending_detail"."service" <> 'General Government')    AND "county_spending_detail"."service" IS NULL    AND "county_spending_detail"."fiscal_year_period" <= 1   AND "county_spending_detail"."service" >= 'General Government'   AND "county_spending_detail"."fiscal_year_period" NOT IN (1,2)    AND ("county_spending_detail"."service" IS NULL    AND "county_spending_detail"."fiscal_year_period" >= 1   AND "county_spending_detail"."service" > 'General Government'   AND "county_spending_detail"."service" <> 'General Government'   AND "county_spending_detail"."service" NOT IN ('Housing and Community Development'))   AND ("county_spending_detail"."service" = 'General Government'   AND "county_spending_detail"."service" NOT LIKE '%Government'   AND "county_spending_detail"."service" NOT LIKE '%Government'   AND "county_spending_detail"."service" = 'General Government'))   AND  ("county_spending_detail"."fiscal_year_period" IS NOT NULL )  LIMIT 10  OFFSET 78 
SELECT "county_spending_detail"."department"  FROM "county_spending_detail"  LEFT JOIN  "service_hierarchy"  ON "county_spending_detail"."fiscal_year" = "service_hierarchy"."fiscal_year"  AND "county_spending_detail"."service" = "service_hierarchy"."service"  WHERE   ("county_spending_detail"."service" = 'General Government'   AND "county_spending_detail"."service" <= 'General Government'   AND "county_spending_detail"."fiscal_year_period" <= 1   AND ("county_spending_detail"."fiscal_year_period" NOT IN (1,2)   AND "county_spending_detail"."fiscal_year_period" > 1)   AND ("county_spending_detail"."service" > 'General Government'   AND ("county_spending_detail"."fiscal_year_period" NOT IN (1,2)   AND ("county_spending_detail"."service" <= 'General Government'   AND "county_spending_detail"."fiscal_year_period" IN (1,2)    AND "county_spending_detail"."service" IS NOT NULL    AND "county_spending_detail"."service" <> 'General Government'    AND ("county_spending_detail"."service" IS NULL    AND "county_spending_detail"."fiscal_year_period" >= 1)   AND "county_spending_detail"."service" NOT IN ('Housing and Community Development'))    AND ("county_spending_detail"."fiscal_year_period" IS NULL    AND "county_spending_detail"."service" < 'General Government')   AND "county_spending_detail"."service" NOT IN ('Housing and Community Development')    AND ("county_spending_detail"."service" IS NOT NULL    AND "county_spending_detail"."fiscal_year_period" < 1)   AND "county_spending_detail"."fiscal_year_period" > 1)))   AND  ("county_spending_detail"."department" IS NOT NULL )  GROUP BY "county_spending_detail"."department"  LIMIT 84  OFFSET 90 
SELECT "county_spending_detail"."fiscal_year_period", "county_spending_detail"."department"  FROM "county_spending_detail"  WHERE   ("county_spending_detail"."service" = 'General Government'   AND "county_spending_detail"."service" NOT IN ('Housing and Community Development')   AND ("county_spending_detail"."fiscal_year_period" <> 1   AND ("county_spending_detail"."service" = 'General Government'   AND "county_spending_detail"."fiscal_year_period" NOT IN (1,2)   AND "county_spending_detail"."fiscal_year_period" > 1   AND "county_spending_detail"."fiscal_year_period" >= 1)   AND ("county_spending_detail"."fiscal_year_period" NOT IN (1,2)   AND ("county_spending_detail"."service" = 'General Government'   AND ("county_spending_detail"."service" LIKE 'General%'   AND "county_spending_detail"."service" > 'General Government')   AND "county_spending_detail"."fiscal_year_period" NOT IN (1,2))   AND "county_spending_detail"."fiscal_year_period" < 1   AND ("county_spending_detail"."service" NOT LIKE '%Government'   AND ("county_spending_detail"."fiscal_year_period" <= 1    AND "county_spending_detail"."fiscal_year_period" IS NULL    AND "county_spending_detail"."fiscal_year_period" < 1)))))   LIMIT 31  OFFSET 12 
SELECT "county_spending_detail"."department", "county_spending_detail"."department"  FROM "county_spending_detail"  LEFT JOIN  "periods"  ON "county_spending_detail"."fiscal_year_period" = "periods"."period"  WHERE   "county_spending_detail"."fiscal_year_period" < 1    AND "periods"."period" IS NULL    GROUP BY "county_spending_detail"."department", "county_spending_detail"."department"  ORDER BY "county_spending_detail"."department", "county_spending_detail"."department"  DESC  LIMIT 45  OFFSET 36 
SELECT "county_spending_detail"."department"  FROM "county_spending_detail"  LEFT JOIN  "periods"  ON "county_spending_detail"."fiscal_year_period" = "periods"."period"  WHERE    "county_spending_detail"."service" IS NULL     AND "periods"."period" IS NULL    AND  ("county_spending_detail"."department" IS NOT NULL )  LIMIT 83  OFFSET 58 
SELECT "county_spending_detail"."fiscal_year_period", "county_spending_detail"."fiscal_year_period"  FROM "county_spending_detail"  WHERE   ("county_spending_detail"."service" = 'General Government'   AND "county_spending_detail"."service" <> 'General Government')   ORDER BY "county_spending_detail"."fiscal_year_period", "county_spending_detail"."fiscal_year_period"  DESC  LIMIT 67  OFFSET 89 
SELECT "county_spending_detail"."service"  FROM "county_spending_detail"  LEFT JOIN  "periods"  ON "county_spending_detail"."fiscal_year_period" = "periods"."period"  WHERE   ("county_spending_detail"."service" = 'General Government'   AND "county_spending_detail"."service" = 'General Government'   AND ("county_spending_detail"."service" = 'General Government'   AND "county_spending_detail"."service" = 'General Government')   AND ("county_spending_detail"."service" > 'General Government'   AND "county_spending_detail"."service" NOT LIKE '%Government')   AND ("county_spending_detail"."fiscal_year_period" > 1   AND "county_spending_detail"."fiscal_year_period" > 1)    AND ("county_spending_detail"."fiscal_year_period" IS NULL    AND "county_spending_detail"."fiscal_year_period" <= 1)   AND "county_spending_detail"."service" <> 'General Government'   AND ("county_spending_detail"."service" = 'General Government'   AND "county_spending_detail"."service" >= 'General Government')   AND ("county_spending_detail"."service" = 'General Government'   AND ("county_spending_detail"."fiscal_year_period" < 1   AND "county_spending_detail"."fiscal_year_period" NOT IN (1,2)    AND ("county_spending_detail"."fiscal_year_period" IS NULL    AND "county_spending_detail"."fiscal_year_period" NOT IN (1,2))   AND "county_spending_detail"."fiscal_year_period" <= 1)    AND "periods"."period" IS NULL ))   GROUP BY "county_spending_detail"."service"  LIMIT 3  OFFSET 70 
[...]
SELECT "county_spending_detail"."department", "county_spending_detail"."fiscal_year_period"  FROM "county_spending_detail"  LEFT JOIN  "service_hierarchy"  ON "county_spending_detail"."fiscal_year" = "service_hierarchy"."fiscal_year"  AND "county_spending_detail"."service" = "service_hierarchy"."service"  WHERE   ("county_spending_detail"."service" = 'General Government'   AND "county_spending_detail"."service" NOT LIKE '%Government'   AND ("county_spending_detail"."service" <= 'General Government'   AND ("county_spending_detail"."fiscal_year_period" <= 1   AND "county_spending_detail"."fiscal_year_period" > 1)   AND "county_spending_detail"."fiscal_year_period" < 1   AND ("county_spending_detail"."service" NOT LIKE '%Government'   AND "county_spending_detail"."service" < 'General Government')    AND "county_spending_detail"."service" IS NULL    AND ("county_spending_detail"."service" <= 'General Government'   AND ("county_spending_detail"."service" > 'General Government'   AND "county_spending_detail"."fiscal_year_period" IN (1,2))   AND "county_spending_detail"."fiscal_year_period" <> 1    AND "county_spending_detail"."fiscal_year_period" IS NOT NULL )   AND "county_spending_detail"."service" IN ('General Government','Housing and Community Development')   AND "county_spending_detail"."service" > 'General Government'   AND "county_spending_detail"."service" > 'General Government')    AND ("service_hierarchy"."fiscal_year" IS NULL     OR ("service_hierarchy"."service" IS NULL )))   AND  ("county_spending_detail"."department" IS NOT NULL  OR "county_spending_detail"."fiscal_year_period" IS NOT NULL )  ORDER BY "county_spending_detail"."department", "county_spending_detail"."fiscal_year_period"  ASC  LIMIT 43  OFFSET 32 
SELECT "county_spending_detail"."department"  FROM "county_spending_detail"  WHERE    "county_spending_detail"."service" IS NULL    AND  ("county_spending_detail"."department" IS NOT NULL )  ORDER BY "county_spending_detail"."department"  DESC  LIMIT 83  OFFSET 79 
SELECT "county_spending_detail"."fiscal_year_period"  FROM "county_spending_detail"  WHERE   "county_spending_detail"."service" = 'General Government'   AND  ("county_spending_detail"."fiscal_year_period" IS NOT NULL )  ORDER BY "county_spending_detail"."fiscal_year_period"  DESC  LIMIT 24  OFFSET 71 
SELECT "county_spending_detail"."fiscal_year_period", "county_spending_detail"."service"  FROM "county_spending_detail"  WHERE   "county_spending_detail"."fiscal_year_period" NOT IN (1,2)   ORDER BY "county_spending_detail"."fiscal_year_period", "county_spending_detail"."service"  DESC  LIMIT 12  OFFSET 41 
SELECT "county_spending_detail"."department"  FROM "county_spending_detail"  LEFT JOIN  "periods"  ON "county_spending_detail"."fiscal_year_period" = "periods"."period"  WHERE   "county_spending_detail"."fiscal_year_period" <= 1   AND  ("county_spending_detail"."department" IS NOT NULL )  GROUP BY "county_spending_detail"."department"  LIMIT 47  OFFSET 91 
SELECT "county_spending_detail"."fiscal_year_period"  FROM "county_spending_detail"  LEFT JOIN  "periods"  ON "county_spending_detail"."fiscal_year_period" = "periods"."period"  WHERE   "county_spending_detail"."service" < 'General Government'    AND "periods"."period" IS NULL    LIMIT 89  OFFSET 65 
SELECT "county_spending_detail"."fiscal_year_period"  FROM "county_spending_detail"  WHERE   ("county_spending_detail"."service" = 'General Government'   AND "county_spending_detail"."fiscal_year_period" NOT IN (1,2)   AND ("county_spending_detail"."fiscal_year_period" >= 1   AND "county_spending_detail"."fiscal_year_period" <= 1)   AND ("county_spending_detail"."fiscal_year_period" < 1   AND "county_spending_detail"."fiscal_year_period" < 1)   AND ("county_spending_detail"."service" <> 'General Government'   AND ("county_spending_detail"."fiscal_year_period" >= 1    AND "county_spending_detail"."fiscal_year_period" IS NULL )   AND "county_spending_detail"."service" NOT LIKE '%Government'))   AND  ("county_spending_detail"."fiscal_year_period" IS NOT NULL )  GROUP BY "county_spending_detail"."fiscal_year_period"  LIMIT 22  OFFSET 95 
SELECT "county_spending_detail"."fiscal_year_period"  FROM "county_spending_detail"  LEFT JOIN  "periods"  ON "county_spending_detail"."fiscal_year_period" = "periods"."period"  WHERE   ("county_spending_detail"."service" = 'General Government'   AND ("county_spending_detail"."service" >= 'General Government'    AND ("county_spending_detail"."service" IS NOT NULL    AND "county_spending_detail"."service" = 'General Government'   AND ("county_spending_detail"."fiscal_year_period" > 1   AND "county_spending_detail"."service" < 'General Government')   AND "county_spending_detail"."fiscal_year_period" < 1)))   AND  ("county_spending_detail"."fiscal_year_period" IS NOT NULL )  LIMIT 24  OFFSET 79 
SELECT "county_spending_detail"."fiscal_year_period", "county_spending_detail"."department"  FROM "county_spending_detail"  WHERE   "county_spending_detail"."service" NOT LIKE '%Government'   LIMIT 79  OFFSET 62 
SELECT "county_spending_detail"."fiscal_year_period"  FROM "county_spending_detail"  LEFT JOIN  "service_hierarchy"  ON "county_spending_detail"."fiscal_year" = "service_hierarchy"."fiscal_year"  AND "county_spending_detail"."service" = "service_hierarchy"."service"  WHERE   "county_spending_detail"."fiscal_year_period" <> 1   AND  ("county_spending_detail"."fiscal_year_period" IS NOT NULL )  LIMIT 94  OFFSET 18 
SELECT "county_spending_detail"."fiscal_year_period"  FROM "county_spending_detail"  WHERE    "county_spending_detail"."service" IS NULL    LIMIT 35  OFFSET 83 
SELECT "county_spending_detail"."department"  FROM "county_spending_detail"  LEFT JOIN  "service_hierarchy"  ON "county_spending_detail"."fiscal_year" = "service_hierarchy"."fiscal_year"  AND "county_spending_detail"."service" = "service_hierarchy"."service"  WHERE   "county_spending_detail"."service" IN ('General Government','Housing and Community Development')   AND  ("county_spending_detail"."department" IS NOT NULL )  ORDER BY "county_spending_detail"."department"  DESC  LIMIT 7  OFFSET 2 
SELECT "county_spending_detail"."department"  FROM "county_spending_detail"  WHERE   "county_spending_detail"."service" = 'General Government'   LIMIT 70  OFFSET 87 
SELECT "county_spending_detail"."department"  FROM "county_spending_detail"  WHERE   "county_spending_detail"."service" NOT IN ('Housing and Community Development')   AND  ("county_spending_detail"."department" IS NOT NULL )  GROUP BY "county_spending_detail"."department"  ORDER BY "county_spending_detail"."department"  ASC  LIMIT 83  OFFSET 90 
SELECT "county_spending_detail"."service"  FROM "county_spending_detail"  WHERE   "county_spending_detail"."service" NOT LIKE '%Government'   AND  ("county_spending_detail"."service" IS NOT NULL )  ORDER BY "county_spending_detail"."service"  ASC  LIMIT 78  OFFSET 56 
SELECT "county_spending_detail"."service", "county_spending_detail"."service"  FROM "county_spending_detail"  WHERE   "county_spending_detail"."service" IN ('General Government','Housing and Community Development')   ORDER BY "county_spending_detail"."service", "county_spending_detail"."service"  DESC  LIMIT 49  OFFSET 82 
SELECT "county_spending_detail"."department"  FROM "county_spending_detail"  LEFT JOIN  "service_hierarchy"  ON "county_spending_detail"."fiscal_year" = "service_hierarchy"."fiscal_year"  AND "county_spending_detail"."service" = "service_hierarchy"."service"  WHERE   ("county_spending_detail"."service" = 'General Government'    AND ("county_spending_detail"."fiscal_year_period" IS NULL    AND ("county_spending_detail"."service" >= 'General Government'   AND "county_spending_detail"."service" = 'General Government')   AND "county_spending_detail"."service" > 'General Government'   AND "county_spending_detail"."service" >= 'General Government'   AND ("county_spending_detail"."service" <= 'General Government'    AND "county_spending_detail"."fiscal_year_period" IS NOT NULL )   AND "county_spending_detail"."fiscal_year_period" >= 1   AND ("county_spending_detail"."service" >= 'General Government'   AND "county_spending_detail"."service" IN ('General Government','Housing and Community Development'))    AND ("county_spending_detail"."fiscal_year_period" IS NULL     AND "county_spending_detail"."service" IS NULL    AND "county_spending_detail"."service" = 'General Government')))   GROUP BY "county_spending_detail"."department"  ORDER BY "county_spending_detail"."department"  DESC  LIMIT 37  OFFSET 0 
SELECT "county_spending_detail"."fiscal_year_period"  FROM "county_spending_detail"  WHERE   "county_spending_detail"."service" <= 'General Government'   AND  ("county_spending_detail"."fiscal_year_period" IS NOT NULL )  GROUP BY "county_spending_detail"."fiscal_year_period"  ORDER BY "county_spending_detail"."fiscal_year_period"  DESC  LIMIT 51  OFFSET 21 
SELECT "county_spending_detail"."service"  FROM "county_spending_detail"  LEFT JOIN  "periods"  ON "county_spending_detail"."fiscal_year_period" = "periods"."period"  WHERE   ("county_spending_detail"."service" = 'General Government'   AND ("county_spending_detail"."service" <> 'General Government'   AND "county_spending_detail"."fiscal_year_period" IN (1,2)   AND "county_spending_detail"."service" NOT IN ('Housing and Community Development'))   AND ("county_spending_detail"."service" < 'General Government'    AND "county_spending_detail"."fiscal_year_period" IS NULL )   AND ("county_spending_detail"."service" LIKE 'General%'   AND ("county_spending_detail"."service" = 'General Government'   AND "county_spending_detail"."service" <= 'General Government')   AND ("county_spending_detail"."fiscal_year_period" <= 1    AND "county_spending_detail"."service" IS NOT NULL    AND "county_spending_detail"."service" < 'General Government')   AND "county_spending_detail"."service" <= 'General Government')   AND "county_spending_detail"."service" = 'General Government'   AND "county_spending_detail"."service" <= 'General Government'   AND "county_spending_detail"."fiscal_year_period" > 1)    AND "periods"."period" IS NULL    AND  ("county_spending_detail"."service" IS NOT NULL )  ORDER BY "county_spending_detail"."service"  DESC  LIMIT 81  OFFSET 40 
SELECT "county_spending_detail"."department"  FROM "county_spending_detail"  LEFT JOIN  "service_hierarchy"  ON "county_spending_detail"."fiscal_year" = "service_hierarchy"."fiscal_year"  AND "county_spending_detail"."service" = "service_hierarchy"."service"  WHERE   ("county_spending_detail"."service" = 'General Government'   AND ("county_spending_detail"."service" < 'General Government'    AND "county_spending_detail"."fiscal_year_period" IS NULL )   AND "county_spending_detail"."fiscal_year_period" > 1   AND "county_spending_detail"."service" <> 'General Government')   AND  ("county_spending_detail"."department" IS NOT NULL )  LIMIT 44  OFFSET 15 
SELECT "county_spending_detail"."fiscal_year_period"  FROM "county_spending_detail"  WHERE   ("county_spending_detail"."service" = 'General Government'   AND "county_spending_detail"."fiscal_year_period" <= 1   AND ("county_spending_detail"."service" <> 'General Government'   AND "county_spending_detail"."service" NOT IN ('Housing and Community Development'))   AND ("county_spending_detail"."fiscal_year_period" NOT IN (1,2)   AND ("county_spending_detail"."service" = 'General Government'    AND "county_spending_detail"."fiscal_year_period" IS NULL )   AND "county_spending_detail"."fiscal_year_period" >= 1)   AND "county_spending_detail"."fiscal_year_period" <= 1   AND "county_spending_detail"."service" NOT IN ('Housing and Community Development')   AND ("county_spending_detail"."service" <= 'General Government'   AND "county_spending_detail"."service" > 'General Government')   AND "county_spending_detail"."fiscal_year_period" <> 1)   LIMIT 20  OFFSET 41 
SELECT "county_spending_detail"."department"  FROM "county_spending_detail"  LEFT JOIN  "periods"  ON "county_spending_detail"."fiscal_year_period" = "periods"."period"  WHERE    "county_spending_detail"."service" IS NULL     AND "periods"."period" IS NULL    GROUP BY "county_spending_detail"."department"  LIMIT 61  OFFSET 19 
SELECT "county_spending_detail"."department"  FROM "county_spending_detail"  WHERE   "county_spending_detail"."service" <= 'General Government'   AND  ("county_spending_detail"."department" IS NOT NULL )  ORDER BY "county_spending_detail"."department"  DESC  LIMIT 39  OFFSET 63 
SELECT "county_spending_detail"."department"  FROM "county_spending_detail"  WHERE   ("county_spending_detail"."service" = 'General Government'   AND "county_spending_detail"."service" = 'General Government'    AND "county_spending_detail"."service" IS NOT NULL     AND ("county_spending_detail"."service" IS NULL     AND "county_spending_detail"."service" IS NULL    AND "county_spending_detail"."fiscal_year_period" NOT IN (1,2)   AND ("county_spending_detail"."service" LIKE 'General%'   AND "county_spending_detail"."service" >= 'General Government')    AND ("county_spending_detail"."fiscal_year_period" IS NOT NULL    AND "county_spending_detail"."service" LIKE 'General%')   AND ("county_spending_detail"."fiscal_year_period" IN (1,2)   AND ("county_spending_detail"."fiscal_year_period" <= 1    AND "county_spending_detail"."service" IS NULL )   AND "county_spending_detail"."fiscal_year_period" < 1)   AND "county_spending_detail"."service" > 'General Government'   AND ("county_spending_detail"."service" IN ('General Government','Housing and Community Development')   AND ("county_spending_detail"."service" <= 'General Government'   AND "county_spending_detail"."service" >= 'General Government'   AND "county_spending_detail"."service" NOT LIKE '%Government'    AND "county_spending_detail"."fiscal_year_period" IS NOT NULL ))))   AND  ("county_spending_detail"."department" IS NOT NULL )  GROUP BY "county_spending_detail"."department"  ORDER BY "county_spending_detail"."department"  ASC  LIMIT 76  OFFSET 37 
SELECT "county_spending_detail"."service"  FROM "county_spending_detail"  WHERE   "county_spending_detail"."service" <> 'General Government'   GROUP BY "county_spending_detail"."service"  LIMIT 6  OFFSET 60 
SELECT "county_spending_detail"."fiscal_year_period"  FROM "county_spending_detail"  WHERE   "county_spending_detail"."fiscal_year_period" <> 1   AND  ("county_spending_detail"."fiscal_year_period" IS NOT NULL )  GROUP BY "county_spending_detail"."fiscal_year_period"  LIMIT 74  OFFSET 60 
SELECT "county_spending_detail"."fiscal_year_period"  FROM "county_spending_detail"  WHERE   ("county_spending_detail"."service" = 'General Government'   AND ("county_spending_detail"."service" IN ('General Government','Housing and Community Development')   AND "county_spending_detail"."service" NOT LIKE '%Government'   AND "county_spending_detail"."service" = 'General Government'    AND "county_spending_detail"."fiscal_year_period" IS NOT NULL     AND "county_spending_detail"."fiscal_year_period" IS NOT NULL )   AND ("county_spending_detail"."service" <= 'General Government'   AND "county_spending_detail"."service" < 'General Government')    AND "county_spending_detail"."service" IS NULL    AND ("county_spending_detail"."service" IN ('General Government','Housing and Community Development')   AND ("county_spending_detail"."service" NOT IN ('Housing and Community Development')   AND "county_spending_detail"."service" = 'General Government')   AND ("county_spending_detail"."service" NOT IN ('Housing and Community Development')   AND "county_spending_detail"."service" NOT LIKE '%Government')   AND "county_spending_detail"."fiscal_year_period" NOT IN (1,2)))   ORDER BY "county_spending_detail"."fiscal_year_period"  ASC  LIMIT 38  OFFSET 24 
SELECT "county_spending_detail"."fiscal_year_period"  FROM "county_spending_detail"  WHERE   "county_spending_detail"."service" LIKE 'General%'   AND  ("county_spending_detail"."fiscal_year_period" IS NOT NULL )  ORDER BY "county_spending_detail"."fiscal_year_period"  DESC  LIMIT 59  OFFSET 55 
SELECT "county_spending_detail"."department"  FROM "county_spending_detail"  WHERE   "county_spending_detail"."fiscal_year_period" IN (1,2)   GROUP BY "county_spending_detail"."department"  LIMIT 82  OFFSET 47 
SELECT "county_spending_detail"."fiscal_year_period", "county_spending_detail"."department"  FROM "county_spending_detail"  WHERE   ("county_spending_detail"."service" = 'General Government'   AND "county_spending_detail"."service" LIKE 'General%'   AND "county_spending_detail"."service" <= 'General Government')   LIMIT 38  OFFSET 30 
SELECT "county_spending_detail"."amount"  FROM "county_spending_detail"  WHERE   "county_spending_detail"."department" IN ((SELECT "county_spending_detail"."department"  FROM "county_spending_detail"  WHERE   "county_spending_detail"."fiscal_year" IN ((SELECT "county_spending_detail"."fiscal_year"  FROM "county_spending_detail"  WHERE   "county_spending_detail"."fiscal_year" = 2014  ),2017)  ))   AND "county_spending_detail"."department" IN ((SELECT "county_spending_detail"."fiscal_year"  FROM "county_spending_detail"  WHERE   "county_spending_detail"."fiscal_year" = 2014  ))  
SELECT "county_spending_detail"."service"  FROM "county_spending_detail"  LEFT JOIN  "service_hierarchy"  ON "county_spending_detail"."fiscal_year" = "service_hierarchy"."fiscal_year"  AND "county_spending_detail"."service" = "service_hierarchy"."service"  WHERE   ("county_spending_detail"."service" = 'General Government'   AND "county_spending_detail"."service" <> 'General Government'   AND ("county_spending_detail"."service" > 'General Government'    AND "county_spending_detail"."fiscal_year_period" IS NOT NULL )    AND ("county_spending_detail"."service" IS NOT NULL    AND ("county_spending_detail"."service" LIKE 'General%'   AND ("county_spending_detail"."service" = 'General Government'   AND ("county_spending_detail"."service" <= 'General Government'   AND "county_spending_detail"."service" <> 'General Government')   AND "county_spending_detail"."service" IN ('General Government','Housing and Community Development'))   AND ("county_spending_detail"."service" IN ('General Government','Housing and Community Development')   AND "county_spending_detail"."service" >= 'General Government'))))   AND  ("county_spending_detail"."service" IS NOT NULL )  GROUP BY "county_spending_detail"."service"  LIMIT 96  OFFSET 27 
SELECT "county_spending_detail"."fiscal_year_period"  FROM "county_spending_detail"  WHERE   ("county_spending_detail"."service" = 'Permitting'   AND ("county_spending_detail"."service" > 'Permitting'    AND "county_spending_detail"."service" IS NOT NULL    AND "county_spending_detail"."service" < 'Permitting')   AND "county_spending_detail"."service" <= 'Permitting')   LIMIT 10  OFFSET 1 
SELECT "county_spending_detail"."department"  FROM "county_spending_detail"  WHERE   "county_spending_detail"."department" IN ((SELECT "county_spending_detail"."department"  FROM "county_spending_detail"  WHERE   "county_spending_detail"."fiscal_year" = 2014  ))  
SELECT "county_spending_detail"."amount"  FROM "county_spending_detail"  WHERE   "county_spending_detail"."department" IN ((SELECT "county_spending_detail"."department"  FROM "county_spending_detail"  WHERE   "county_spending_detail"."fiscal_year" = 2014  ))  
SELECT "county_spending_detail"."amount"  FROM "county_spending_detail"  WHERE   "county_spending_detail"."department" IN ((SELECT "county_spending_detail"."department"  FROM "county_spending_detail"  WHERE   "county_spending_detail"."fiscal_year" = 2014  ))  
]]></system-out>
  <system-err><![CDATA[]]></system-err>
</testsuite>
