<?xml version="1.0" encoding="UTF-8"?>
<testsuite name="com.querybuilder4j.sqlbuilders.SqlBuilderTest" tests="6" skipped="0" failures="0" errors="0" timestamp="2019-03-26T00:48:26" hostname="sm7chrisjones" time="2.793">
  <properties/>
  <testcase name="runDynamicStatementTests" classname="com.querybuilder4j.sqlbuilders.SqlBuilderTest" time="2.751"/>
  <testcase name="runSubQuery_oneRegularArgOneSubQuery" classname="com.querybuilder4j.sqlbuilders.SqlBuilderTest" time="0.006"/>
  <testcase name="runStaticStatementTests" classname="com.querybuilder4j.sqlbuilders.SqlBuilderTest" time="0.026"/>
  <testcase name="runSubQuery_oneRegularArg" classname="com.querybuilder4j.sqlbuilders.SqlBuilderTest" time="0.003"/>
  <testcase name="runSubQuery_noArgs" classname="com.querybuilder4j.sqlbuilders.SqlBuilderTest" time="0.003"/>
  <testcase name="runSubQuery_oneSubQueryArg" classname="com.querybuilder4j.sqlbuilders.SqlBuilderTest" time="0.004"/>
  <system-out><![CDATA[SELECT "county_spending_detail"."service"  FROM "county_spending_detail"  WHERE   "county_spending_detail"."service" = 'General Government'   AND  ("county_spending_detail"."service" IS NOT NULL )  GROUP BY "county_spending_detail"."service"  ORDER BY "county_spending_detail"."service"  DESC  LIMIT 82  OFFSET 98 
SELECT "county_spending_detail"."department"  FROM "county_spending_detail"  LEFT JOIN  "periods"  ON "county_spending_detail"."fiscal_year_period" = "periods"."period"  WHERE   "county_spending_detail"."service" like 'General%'   AND  ("county_spending_detail"."department" IS NOT NULL )  ORDER BY "county_spending_detail"."department"  ASC  LIMIT 68  OFFSET 9 
SELECT "county_spending_detail"."service", "county_spending_detail"."fiscal_year_period"  FROM "county_spending_detail"  LEFT JOIN  "periods"  ON "county_spending_detail"."fiscal_year_period" = "periods"."period"  WHERE   ("county_spending_detail"."service" = 'General Government'   And ("county_spending_detail"."fiscal_year_period" < 1   And "county_spending_detail"."service" > 'General Government')    And ("county_spending_detail"."fiscal_year_period" is null    And "county_spending_detail"."service" <= 'General Government')    And ("county_spending_detail"."fiscal_year_period" is not null    And "county_spending_detail"."fiscal_year_period" not in (1,2)   And "county_spending_detail"."service" >= 'General Government'))   GROUP BY "county_spending_detail"."service", "county_spending_detail"."fiscal_year_period"  ORDER BY "county_spending_detail"."service", "county_spending_detail"."fiscal_year_period"  ASC  LIMIT 48  OFFSET 39 
SELECT "county_spending_detail"."department"  FROM "county_spending_detail"  LEFT JOIN  "periods"  ON "county_spending_detail"."fiscal_year_period" = "periods"."period"  WHERE   ("county_spending_detail"."service" = 'General Government'   And ("county_spending_detail"."service" <> 'General Government'   And "county_spending_detail"."service" not in ('Housing and Community Development'))   And "county_spending_detail"."service" <= 'General Government'   And "county_spending_detail"."fiscal_year_period" >= 1    And "county_spending_detail"."service" is null    And "county_spending_detail"."service" = 'General Government')   LIMIT 12  OFFSET 50 
SELECT "county_spending_detail"."service", "county_spending_detail"."fiscal_year_period"  FROM "county_spending_detail"  LEFT JOIN  "service_hierarchy"  ON "county_spending_detail"."fiscal_year" = "service_hierarchy"."fiscal_year"  AND "county_spending_detail"."service" = "service_hierarchy"."service"  WHERE   ("county_spending_detail"."service" = 'General Government'   And ("county_spending_detail"."fiscal_year_period" <> 1   And ("county_spending_detail"."fiscal_year_period" <> 1   And "county_spending_detail"."service" > 'General Government')))   GROUP BY "county_spending_detail"."service", "county_spending_detail"."fiscal_year_period"  LIMIT 39  OFFSET 57 
SELECT "county_spending_detail"."fiscal_year_period"  FROM "county_spending_detail"  WHERE   ("county_spending_detail"."service" = 'General Government'   And ("county_spending_detail"."fiscal_year_period" < 1   And "county_spending_detail"."fiscal_year_period" <= 1)   And "county_spending_detail"."service" <> 'General Government'   And ("county_spending_detail"."service" = 'General Government'   And "county_spending_detail"."service" not like '%Government')   And "county_spending_detail"."service" not in ('Housing and Community Development')    And "county_spending_detail"."service" is null    And ("county_spending_detail"."fiscal_year_period" >= 1   And "county_spending_detail"."service" = 'General Government')   And "county_spending_detail"."fiscal_year_period" < 1   And ("county_spending_detail"."service" not in ('Housing and Community Development')    And "county_spending_detail"."fiscal_year_period" is null    And "county_spending_detail"."fiscal_year_period" > 1   And "county_spending_detail"."service" <> 'General Government'))   AND  ("county_spending_detail"."fiscal_year_period" IS NOT NULL )  GROUP BY "county_spending_detail"."fiscal_year_period"  ORDER BY "county_spending_detail"."fiscal_year_period"  DESC  LIMIT 55  OFFSET 51 
SELECT "county_spending_detail"."service", "county_spending_detail"."department"  FROM "county_spending_detail"  WHERE   ("county_spending_detail"."service" = 'General Government'   And ("county_spending_detail"."fiscal_year_period" <> 1   And "county_spending_detail"."service" not like '%Government'))   ORDER BY "county_spending_detail"."service", "county_spending_detail"."department"  DESC  LIMIT 4  OFFSET 36 
SELECT "county_spending_detail"."fiscal_year_period"  FROM "county_spending_detail"  LEFT JOIN  "service_hierarchy"  ON "county_spending_detail"."fiscal_year" = "service_hierarchy"."fiscal_year"  AND "county_spending_detail"."service" = "service_hierarchy"."service"  WHERE   ("county_spending_detail"."service" = 'General Government'    And "county_spending_detail"."fiscal_year_period" is null    And "county_spending_detail"."service" not like '%Government'   And ("county_spending_detail"."service" > 'General Government'   And "county_spending_detail"."service" = 'General Government')   And "county_spending_detail"."service" <= 'General Government'   And "county_spending_detail"."service" < 'General Government')   AND  ("county_spending_detail"."fiscal_year_period" IS NOT NULL )  GROUP BY "county_spending_detail"."fiscal_year_period"  LIMIT 74  OFFSET 81 
SELECT "county_spending_detail"."department"  FROM "county_spending_detail"  LEFT JOIN  "service_hierarchy"  ON "county_spending_detail"."fiscal_year" = "service_hierarchy"."fiscal_year"  AND "county_spending_detail"."service" = "service_hierarchy"."service"  WHERE   ("county_spending_detail"."service" = 'General Government'   And ("county_spending_detail"."service" >= 'General Government'   And "county_spending_detail"."fiscal_year_period" < 1))   GROUP BY "county_spending_detail"."department"  ORDER BY "county_spending_detail"."department"  ASC  LIMIT 85  OFFSET 18 
SELECT "county_spending_detail"."fiscal_year_period", "county_spending_detail"."fiscal_year_period"  FROM "county_spending_detail"  WHERE   "county_spending_detail"."fiscal_year_period" > 1   AND  ("county_spending_detail"."fiscal_year_period" IS NOT NULL  OR "county_spending_detail"."fiscal_year_period" IS NOT NULL )  LIMIT 83  OFFSET 20 
SELECT "county_spending_detail"."service"  FROM "county_spending_detail"  LEFT JOIN  "periods"  ON "county_spending_detail"."fiscal_year_period" = "periods"."period"  WHERE   ("county_spending_detail"."service" = 'General Government'    And ("county_spending_detail"."fiscal_year_period" is null    And "county_spending_detail"."service" >= 'General Government'   And "county_spending_detail"."fiscal_year_period" in (1,2))    And "county_spending_detail"."fiscal_year_period" is not null )    And "periods"."period" is null    LIMIT 70  OFFSET 13 
SELECT "county_spending_detail"."department", "county_spending_detail"."service"  FROM "county_spending_detail"  LEFT JOIN  "periods"  ON "county_spending_detail"."fiscal_year_period" = "periods"."period"  WHERE   "county_spending_detail"."service" <> 'General Government'    And "periods"."period" is null    AND  ("county_spending_detail"."department" IS NOT NULL  OR "county_spending_detail"."service" IS NOT NULL )  LIMIT 23  OFFSET 30 
SELECT "county_spending_detail"."service"  FROM "county_spending_detail"  LEFT JOIN  "periods"  ON "county_spending_detail"."fiscal_year_period" = "periods"."period"  WHERE   ("county_spending_detail"."service" = 'General Government'   And "county_spending_detail"."service" not in ('Housing and Community Development')   And "county_spending_detail"."service" not in ('Housing and Community Development'))    And "periods"."period" is null    ORDER BY "county_spending_detail"."service"  DESC  LIMIT 50  OFFSET 67 
SELECT "county_spending_detail"."service"  FROM "county_spending_detail"  LEFT JOIN  "periods"  ON "county_spending_detail"."fiscal_year_period" = "periods"."period"  WHERE   ("county_spending_detail"."service" = 'General Government'   And ("county_spending_detail"."service" like 'General%'   And "county_spending_detail"."service" <= 'General Government')    And ("county_spending_detail"."fiscal_year_period" is not null    And ("county_spending_detail"."fiscal_year_period" > 1    And ("county_spending_detail"."fiscal_year_period" is not null    And "county_spending_detail"."service" = 'General Government')   And "county_spending_detail"."service" in ('General Government','Housing and Community Development'))   And "county_spending_detail"."service" not in ('Housing and Community Development')   And ("county_spending_detail"."service" > 'General Government'    And "county_spending_detail"."fiscal_year_period" is null )    And "periods"."period" is null ))   GROUP BY "county_spending_detail"."service"  ORDER BY "county_spending_detail"."service"  ASC  LIMIT 60  OFFSET 17 
SELECT "county_spending_detail"."fiscal_year_period"  FROM "county_spending_detail"  WHERE   "county_spending_detail"."fiscal_year_period" in (1,2)   AND  ("county_spending_detail"."fiscal_year_period" IS NOT NULL )  ORDER BY "county_spending_detail"."fiscal_year_period"  DESC  LIMIT 71  OFFSET 54 
SELECT "county_spending_detail"."department"  FROM "county_spending_detail"  LEFT JOIN  "service_hierarchy"  ON "county_spending_detail"."fiscal_year" = "service_hierarchy"."fiscal_year"  AND "county_spending_detail"."service" = "service_hierarchy"."service"  WHERE   ("county_spending_detail"."service" = 'General Government'   And "county_spending_detail"."service" = 'General Government'   And ("county_spending_detail"."service" >= 'General Government'   And "county_spending_detail"."service" not like '%Government')   And ("county_spending_detail"."service" = 'General Government'   And "county_spending_detail"."service" <> 'General Government')   And "county_spending_detail"."service" > 'General Government'   And ("county_spending_detail"."fiscal_year_period" <> 1   And "county_spending_detail"."service" = 'General Government'   And "county_spending_detail"."fiscal_year_period" <= 1)    And ("county_spending_detail"."fiscal_year_period" is not null    And ("county_spending_detail"."service" < 'General Government'   And ("county_spending_detail"."fiscal_year_period" < 1    And "county_spending_detail"."service" is not null )   And "county_spending_detail"."service" < 'General Government'   And "county_spending_detail"."fiscal_year_period" in (1,2)   And "county_spending_detail"."service" <> 'General Government')    And ("service_hierarchy"."fiscal_year" is null     Or ("service_hierarchy"."service" is null ))))   ORDER BY "county_spending_detail"."department"  ASC  LIMIT 41  OFFSET 4 
SELECT "county_spending_detail"."fiscal_year_period"  FROM "county_spending_detail"  WHERE   "county_spending_detail"."fiscal_year_period" < 1   ORDER BY "county_spending_detail"."fiscal_year_period"  ASC  LIMIT 51  OFFSET 3 
SELECT "county_spending_detail"."fiscal_year_period", "county_spending_detail"."department"  FROM "county_spending_detail"  WHERE   "county_spending_detail"."fiscal_year_period" > 1   ORDER BY "county_spending_detail"."fiscal_year_period", "county_spending_detail"."department"  DESC  LIMIT 80  OFFSET 10 
SELECT "county_spending_detail"."department"  FROM "county_spending_detail"  LEFT JOIN  "periods"  ON "county_spending_detail"."fiscal_year_period" = "periods"."period"  WHERE   "county_spending_detail"."fiscal_year_period" < 1   AND  ("county_spending_detail"."department" IS NOT NULL )  GROUP BY "county_spending_detail"."department"  LIMIT 56  OFFSET 59 
SELECT "county_spending_detail"."department"  FROM "county_spending_detail"  WHERE   ("county_spending_detail"."service" = 'General Government'   And ("county_spending_detail"."fiscal_year_period" >= 1   And "county_spending_detail"."fiscal_year_period" >= 1)   And ("county_spending_detail"."fiscal_year_period" not in (1,2)   And "county_spending_detail"."fiscal_year_period" >= 1)    And "county_spending_detail"."fiscal_year_period" is not null    And "county_spending_detail"."service" < 'General Government'   And "county_spending_detail"."service" < 'General Government'   And ("county_spending_detail"."fiscal_year_period" in (1,2)    And "county_spending_detail"."service" is null    And ("county_spending_detail"."service" not in ('Housing and Community Development')   And "county_spending_detail"."fiscal_year_period" < 1)   And "county_spending_detail"."fiscal_year_period" < 1   And "county_spending_detail"."service" = 'General Government'   And "county_spending_detail"."service" <> 'General Government')   And ("county_spending_detail"."service" < 'General Government'   And "county_spending_detail"."service" > 'General Government')   And ("county_spending_detail"."fiscal_year_period" >= 1    And ("county_spending_detail"."fiscal_year_period" is not null    And "county_spending_detail"."service" <= 'General Government')))   AND  ("county_spending_detail"."department" IS NOT NULL )  GROUP BY "county_spending_detail"."department"  LIMIT 52  OFFSET 31 
SELECT "county_spending_detail"."department"  FROM "county_spending_detail"  LEFT JOIN  "periods"  ON "county_spending_detail"."fiscal_year_period" = "periods"."period"  WHERE   ("county_spending_detail"."service" = 'General Government'   And ("county_spending_detail"."service" not in ('Housing and Community Development')   And "county_spending_detail"."service" < 'General Government'    And ("county_spending_detail"."service" is not null    And "county_spending_detail"."service" = 'General Government')    And "periods"."period" is null ))   AND  ("county_spending_detail"."department" IS NOT NULL )  LIMIT 64  OFFSET 65 
SELECT "county_spending_detail"."service"  FROM "county_spending_detail"  LEFT JOIN  "periods"  ON "county_spending_detail"."fiscal_year_period" = "periods"."period"  WHERE   "county_spending_detail"."service" not in ('Housing and Community Development')   GROUP BY "county_spending_detail"."service"  LIMIT 33  OFFSET 96 
SELECT "county_spending_detail"."service"  FROM "county_spending_detail"  LEFT JOIN  "periods"  ON "county_spending_detail"."fiscal_year_period" = "periods"."period"  WHERE   ("county_spending_detail"."service" = 'General Government'   And ("county_spending_detail"."service" in ('General Government','Housing and Community Development')   And ("county_spending_detail"."service" = 'General Government'   And "county_spending_detail"."service" = 'General Government')   And "county_spending_detail"."fiscal_year_period" < 1   And "county_spending_detail"."service" <> 'General Government'   And "county_spending_detail"."fiscal_year_period" not in (1,2)))   LIMIT 8  OFFSET 48 
SELECT "county_spending_detail"."fiscal_year_period"  FROM "county_spending_detail"  LEFT JOIN  "periods"  ON "county_spending_detail"."fiscal_year_period" = "periods"."period"  WHERE   ("county_spending_detail"."service" = 'General Government'   And "county_spending_detail"."fiscal_year_period" in (1,2)   And "county_spending_detail"."service" >= 'General Government'   And "county_spending_detail"."fiscal_year_period" in (1,2)   And ("county_spending_detail"."service" in ('General Government','Housing and Community Development')   And "county_spending_detail"."service" in ('General Government','Housing and Community Development'))   And ("county_spending_detail"."fiscal_year_period" <> 1   And ("county_spending_detail"."service" not in ('Housing and Community Development')   And ("county_spending_detail"."service" not like '%Government'   And "county_spending_detail"."service" <> 'General Government')   And "county_spending_detail"."fiscal_year_period" > 1   And "county_spending_detail"."service" in ('General Government','Housing and Community Development')   And ("county_spending_detail"."fiscal_year_period" < 1    And "county_spending_detail"."service" is null )   And "county_spending_detail"."fiscal_year_period" < 1   And ("county_spending_detail"."service" < 'General Government'   And "county_spending_detail"."fiscal_year_period" > 1    And "county_spending_detail"."fiscal_year_period" is not null ))))   AND  ("county_spending_detail"."fiscal_year_period" IS NOT NULL )  LIMIT 17  OFFSET 95 
SELECT "county_spending_detail"."fiscal_year_period"  FROM "county_spending_detail"  WHERE   ("county_spending_detail"."service" = 'General Government'   And ("county_spending_detail"."service" <= 'General Government'   And "county_spending_detail"."service" > 'General Government'))   AND  ("county_spending_detail"."fiscal_year_period" IS NOT NULL )  LIMIT 81  OFFSET 3 
SELECT "county_spending_detail"."fiscal_year_period", "county_spending_detail"."department"  FROM "county_spending_detail"  WHERE   ("county_spending_detail"."service" = 'General Government'   And "county_spending_detail"."fiscal_year_period" <> 1   And "county_spending_detail"."service" like 'General%'    And ("county_spending_detail"."fiscal_year_period" is null    And "county_spending_detail"."fiscal_year_period" in (1,2)   And "county_spending_detail"."fiscal_year_period" not in (1,2)   And "county_spending_detail"."service" not like '%Government'   And "county_spending_detail"."service" > 'General Government')    And ("county_spending_detail"."fiscal_year_period" is null    And "county_spending_detail"."fiscal_year_period" > 1)   And "county_spending_detail"."service" in ('General Government','Housing and Community Development')   And "county_spending_detail"."fiscal_year_period" < 1   And ("county_spending_detail"."service" <= 'General Government'    And "county_spending_detail"."fiscal_year_period" is not null ))   GROUP BY "county_spending_detail"."fiscal_year_period", "county_spending_detail"."department"  LIMIT 93  OFFSET 32 
SELECT "county_spending_detail"."department", "county_spending_detail"."fiscal_year_period"  FROM "county_spending_detail"  WHERE   ("county_spending_detail"."service" = 'General Government'   And "county_spending_detail"."fiscal_year_period" >= 1   And ("county_spending_detail"."fiscal_year_period" >= 1   And "county_spending_detail"."fiscal_year_period" > 1)   And "county_spending_detail"."service" >= 'General Government'   And "county_spending_detail"."service" > 'General Government'   And ("county_spending_detail"."service" not in ('Housing and Community Development')    And ("county_spending_detail"."fiscal_year_period" is null    And ("county_spending_detail"."fiscal_year_period" <> 1   And "county_spending_detail"."service" not in ('Housing and Community Development'))   And "county_spending_detail"."fiscal_year_period" not in (1,2)   And ("county_spending_detail"."fiscal_year_period" < 1   And "county_spending_detail"."service" >= 'General Government'   And ("county_spending_detail"."fiscal_year_period" > 1   And "county_spending_detail"."fiscal_year_period" > 1)   And "county_spending_detail"."fiscal_year_period" >= 1   And "county_spending_detail"."fiscal_year_period" < 1))))   ORDER BY "county_spending_detail"."department", "county_spending_detail"."fiscal_year_period"  ASC  LIMIT 57  OFFSET 65 
SELECT "county_spending_detail"."service", "county_spending_detail"."fiscal_year_period"  FROM "county_spending_detail"  WHERE   "county_spending_detail"."fiscal_year_period" > 1   AND  ("county_spending_detail"."service" IS NOT NULL  OR "county_spending_detail"."fiscal_year_period" IS NOT NULL )  GROUP BY "county_spending_detail"."service", "county_spending_detail"."fiscal_year_period"  LIMIT 79  OFFSET 44 
SELECT "county_spending_detail"."fiscal_year_period"  FROM "county_spending_detail"  LEFT JOIN  "service_hierarchy"  ON "county_spending_detail"."fiscal_year" = "service_hierarchy"."fiscal_year"  AND "county_spending_detail"."service" = "service_hierarchy"."service"  WHERE   "county_spending_detail"."service" >= 'General Government'    And ("service_hierarchy"."fiscal_year" is null     Or ("service_hierarchy"."service" is null ))   AND  ("county_spending_detail"."fiscal_year_period" IS NOT NULL )  GROUP BY "county_spending_detail"."fiscal_year_period"  LIMIT 39  OFFSET 8 
SELECT "county_spending_detail"."fiscal_year_period", "county_spending_detail"."fiscal_year_period"  FROM "county_spending_detail"  LEFT JOIN  "periods"  ON "county_spending_detail"."fiscal_year_period" = "periods"."period"  WHERE   ("county_spending_detail"."service" = 'General Government'    And ("county_spending_detail"."fiscal_year_period" is not null    And ("county_spending_detail"."fiscal_year_period" < 1   And "county_spending_detail"."service" in ('General Government','Housing and Community Development'))   And "county_spending_detail"."service" = 'General Government'   And ("county_spending_detail"."fiscal_year_period" <= 1   And ("county_spending_detail"."service" = 'General Government'   And ("county_spending_detail"."service" < 'General Government'   And "county_spending_detail"."fiscal_year_period" < 1   And "county_spending_detail"."service" > 'General Government'    And "county_spending_detail"."service" is not null )   And ("county_spending_detail"."fiscal_year_period" in (1,2)   And "county_spending_detail"."service" = 'General Government'   And "county_spending_detail"."fiscal_year_period" in (1,2))   And "county_spending_detail"."service" <= 'General Government'   And ("county_spending_detail"."service" not in ('Housing and Community Development')   And ("county_spending_detail"."fiscal_year_period" <= 1   And "county_spending_detail"."fiscal_year_period" < 1)   And "county_spending_detail"."fiscal_year_period" >= 1)))))   AND  ("county_spending_detail"."fiscal_year_period" IS NOT NULL  OR "county_spending_detail"."fiscal_year_period" IS NOT NULL )  LIMIT 15  OFFSET 23 
SELECT "county_spending_detail"."service"  FROM "county_spending_detail"  WHERE   "county_spending_detail"."fiscal_year_period" <= 1   GROUP BY "county_spending_detail"."service"  LIMIT 74  OFFSET 28 
SELECT "county_spending_detail"."service"  FROM "county_spending_detail"  LEFT JOIN  "periods"  ON "county_spending_detail"."fiscal_year_period" = "periods"."period"  WHERE   "county_spending_detail"."service" = 'General Government'   AND  ("county_spending_detail"."service" IS NOT NULL )  GROUP BY "county_spending_detail"."service"  ORDER BY "county_spending_detail"."service"  ASC  LIMIT 56  OFFSET 68 
SELECT "county_spending_detail"."fiscal_year_period"  FROM "county_spending_detail"  LEFT JOIN  "service_hierarchy"  ON "county_spending_detail"."fiscal_year" = "service_hierarchy"."fiscal_year"  AND "county_spending_detail"."service" = "service_hierarchy"."service"  WHERE   "county_spending_detail"."service" = 'General Government'    And ("service_hierarchy"."fiscal_year" is null     Or ("service_hierarchy"."service" is null ))   ORDER BY "county_spending_detail"."fiscal_year_period"  ASC  LIMIT 58  OFFSET 38 
SELECT "county_spending_detail"."fiscal_year_period"  FROM "county_spending_detail"  WHERE   ("county_spending_detail"."service" = 'General Government'   And ("county_spending_detail"."fiscal_year_period" <= 1    And ("county_spending_detail"."fiscal_year_period" is null     And "county_spending_detail"."fiscal_year_period" is not null     And ("county_spending_detail"."fiscal_year_period" is not null    And ("county_spending_detail"."service" <> 'General Government'   And "county_spending_detail"."service" = 'General Government')   And "county_spending_detail"."service" < 'General Government')   And ("county_spending_detail"."service" <> 'General Government'   And "county_spending_detail"."service" like 'General%'   And "county_spending_detail"."fiscal_year_period" < 1))))   AND  ("county_spending_detail"."fiscal_year_period" IS NOT NULL )  ORDER BY "county_spending_detail"."fiscal_year_period"  ASC  LIMIT 87  OFFSET 73 
SELECT "county_spending_detail"."fiscal_year_period", "county_spending_detail"."service"  FROM "county_spending_detail"  LEFT JOIN  "periods"  ON "county_spending_detail"."fiscal_year_period" = "periods"."period"  WHERE   ("county_spending_detail"."service" = 'General Government'   And "county_spending_detail"."service" >= 'General Government'   And ("county_spending_detail"."service" = 'General Government'   And "county_spending_detail"."fiscal_year_period" < 1)   And ("county_spending_detail"."service" <> 'General Government'   And "county_spending_detail"."service" <> 'General Government')    And "county_spending_detail"."service" is null    And "county_spending_detail"."fiscal_year_period" in (1,2)    And ("county_spending_detail"."service" is null    And "county_spending_detail"."fiscal_year_period" <= 1   And "county_spending_detail"."service" >= 'General Government'))   AND  ("county_spending_detail"."fiscal_year_period" IS NOT NULL  OR "county_spending_detail"."service" IS NOT NULL )  GROUP BY "county_spending_detail"."fiscal_year_period", "county_spending_detail"."service"  LIMIT 21  OFFSET 29 
SELECT "county_spending_detail"."fiscal_year_period"  FROM "county_spending_detail"  WHERE   ("county_spending_detail"."service" = 'General Government'   And ("county_spending_detail"."service" > 'General Government'   And "county_spending_detail"."fiscal_year_period" <= 1   And ("county_spending_detail"."fiscal_year_period" <> 1   And "county_spending_detail"."fiscal_year_period" in (1,2))   And ("county_spending_detail"."service" < 'General Government'   And "county_spending_detail"."fiscal_year_period" >= 1)   And "county_spending_detail"."service" >= 'General Government'))   GROUP BY "county_spending_detail"."fiscal_year_period"  LIMIT 45  OFFSET 30 
SELECT "county_spending_detail"."service"  FROM "county_spending_detail"  WHERE   "county_spending_detail"."service" not like '%Government'   GROUP BY "county_spending_detail"."service"  LIMIT 1  OFFSET 61 
SELECT "county_spending_detail"."service"  FROM "county_spending_detail"  LEFT JOIN  "periods"  ON "county_spending_detail"."fiscal_year_period" = "periods"."period"  WHERE   ("county_spending_detail"."service" = 'General Government'   And ("county_spending_detail"."service" < 'General Government'   And "county_spending_detail"."fiscal_year_period" <= 1   And "county_spending_detail"."service" not in ('Housing and Community Development'))   And ("county_spending_detail"."service" = 'General Government'   And "county_spending_detail"."service" not like '%Government'   And "county_spending_detail"."fiscal_year_period" < 1)   And "county_spending_detail"."fiscal_year_period" >= 1   And ("county_spending_detail"."service" = 'General Government'   And "county_spending_detail"."service" <= 'General Government'   And "county_spending_detail"."service" like 'General%'    And "county_spending_detail"."service" is not null )   And ("county_spending_detail"."service" like 'General%'    And "county_spending_detail"."service" is null    And "county_spending_detail"."service" like 'General%'   And ("county_spending_detail"."service" <> 'General Government'   And "county_spending_detail"."service" = 'General Government')    And "county_spending_detail"."fiscal_year_period" is not null    And "county_spending_detail"."service" <> 'General Government'    And "county_spending_detail"."service" is not null ))   GROUP BY "county_spending_detail"."service"  LIMIT 25  OFFSET 37 
SELECT "county_spending_detail"."service"  FROM "county_spending_detail"  WHERE   ("county_spending_detail"."service" = 'General Government'   And "county_spending_detail"."fiscal_year_period" <> 1    And "county_spending_detail"."service" is null    And ("county_spending_detail"."fiscal_year_period" not in (1,2)   And ("county_spending_detail"."fiscal_year_period" >= 1   And "county_spending_detail"."fiscal_year_period" <= 1    And "county_spending_detail"."fiscal_year_period" is null    And "county_spending_detail"."service" <> 'General Government'   And "county_spending_detail"."service" < 'General Government')))   AND  ("county_spending_detail"."service" IS NOT NULL )  GROUP BY "county_spending_detail"."service"  ORDER BY "county_spending_detail"."service"  DESC  LIMIT 73  OFFSET 85 
SELECT "county_spending_detail"."service"  FROM "county_spending_detail"  LEFT JOIN  "service_hierarchy"  ON "county_spending_detail"."fiscal_year" = "service_hierarchy"."fiscal_year"  AND "county_spending_detail"."service" = "service_hierarchy"."service"  WHERE   "county_spending_detail"."fiscal_year_period" <= 1    And ("service_hierarchy"."fiscal_year" is null     Or ("service_hierarchy"."service" is null ))   AND  ("county_spending_detail"."service" IS NOT NULL )  GROUP BY "county_spending_detail"."service"  LIMIT 8  OFFSET 66 
SELECT "county_spending_detail"."department"  FROM "county_spending_detail"  WHERE   "county_spending_detail"."fiscal_year_period" <> 1   AND  ("county_spending_detail"."department" IS NOT NULL )  LIMIT 88  OFFSET 34 
SELECT "county_spending_detail"."fiscal_year_period"  FROM "county_spending_detail"  LEFT JOIN  "periods"  ON "county_spending_detail"."fiscal_year_period" = "periods"."period"  WHERE   "county_spending_detail"."service" like 'General%'    And "periods"."period" is null    AND  ("county_spending_detail"."fiscal_year_period" IS NOT NULL )  LIMIT 62  OFFSET 67 
SELECT "county_spending_detail"."department"  FROM "county_spending_detail"  WHERE   "county_spending_detail"."fiscal_year_period" in (1,2)   AND  ("county_spending_detail"."department" IS NOT NULL )  GROUP BY "county_spending_detail"."department"  ORDER BY "county_spending_detail"."department"  DESC  LIMIT 50  OFFSET 44 
SELECT "county_spending_detail"."fiscal_year_period"  FROM "county_spending_detail"  WHERE   ("county_spending_detail"."service" = 'General Government'   And "county_spending_detail"."service" = 'General Government'   And "county_spending_detail"."service" < 'General Government'   And "county_spending_detail"."fiscal_year_period" not in (1,2)    And ("county_spending_detail"."fiscal_year_period" is not null    And "county_spending_detail"."fiscal_year_period" < 1   And ("county_spending_detail"."service" > 'General Government'   And "county_spending_detail"."fiscal_year_period" in (1,2))   And ("county_spending_detail"."service" <= 'General Government'   And "county_spending_detail"."service" >= 'General Government'   And "county_spending_detail"."fiscal_year_period" > 1   And "county_spending_detail"."fiscal_year_period" < 1    And ("county_spending_detail"."fiscal_year_period" is null    And "county_spending_detail"."fiscal_year_period" <> 1   And ("county_spending_detail"."fiscal_year_period" not in (1,2)   And "county_spending_detail"."service" <= 'General Government')   And "county_spending_detail"."service" >= 'General Government'))))   AND  ("county_spending_detail"."fiscal_year_period" IS NOT NULL )  GROUP BY "county_spending_detail"."fiscal_year_period"  LIMIT 37  OFFSET 17 
SELECT "county_spending_detail"."department", "county_spending_detail"."department"  FROM "county_spending_detail"  LEFT JOIN  "periods"  ON "county_spending_detail"."fiscal_year_period" = "periods"."period"  WHERE   ("county_spending_detail"."service" = 'General Government'   And "county_spending_detail"."service" like 'General%'   And ("county_spending_detail"."service" like 'General%'   And ("county_spending_detail"."fiscal_year_period" <= 1   And "county_spending_detail"."fiscal_year_period" <> 1   And "county_spending_detail"."service" >= 'General Government'   And "county_spending_detail"."service" >= 'General Government')   And ("county_spending_detail"."fiscal_year_period" not in (1,2)   And "county_spending_detail"."service" = 'General Government')    And "periods"."period" is null ))   LIMIT 16  OFFSET 70 
SELECT "county_spending_detail"."fiscal_year_period"  FROM "county_spending_detail"  LEFT JOIN  "service_hierarchy"  ON "county_spending_detail"."fiscal_year" = "service_hierarchy"."fiscal_year"  AND "county_spending_detail"."service" = "service_hierarchy"."service"  WHERE   ("county_spending_detail"."service" = 'General Government'   And ("county_spending_detail"."service" = 'General Government'   And "county_spending_detail"."fiscal_year_period" in (1,2)   And ("county_spending_detail"."service" > 'General Government'   And "county_spending_detail"."fiscal_year_period" <= 1)))   GROUP BY "county_spending_detail"."fiscal_year_period"  ORDER BY "county_spending_detail"."fiscal_year_period"  ASC  LIMIT 43  OFFSET 24 
SELECT "county_spending_detail"."fiscal_year_period", "county_spending_detail"."fiscal_year_period"  FROM "county_spending_detail"  LEFT JOIN  "periods"  ON "county_spending_detail"."fiscal_year_period" = "periods"."period"  WHERE   "county_spending_detail"."service" like 'General%'    And "periods"."period" is null    GROUP BY "county_spending_detail"."fiscal_year_period", "county_spending_detail"."fiscal_year_period"  LIMIT 18  OFFSET 52 
SELECT "county_spending_detail"."department"  FROM "county_spending_detail"  WHERE   "county_spending_detail"."service" = 'General Government'   GROUP BY "county_spending_detail"."department"  ORDER BY "county_spending_detail"."department"  ASC  LIMIT 5  OFFSET 21 
SELECT "county_spending_detail"."fiscal_year_period"  FROM "county_spending_detail"  WHERE   "county_spending_detail"."fiscal_year_period" <> 1   LIMIT 96  OFFSET 82 
SELECT "county_spending_detail"."department"  FROM "county_spending_detail"  WHERE   ("county_spending_detail"."service" = 'General Government'   And "county_spending_detail"."service" <> 'General Government'   And ("county_spending_detail"."service" >= 'General Government'   And "county_spending_detail"."service" = 'General Government'   And "county_spending_detail"."fiscal_year_period" <= 1   And "county_spending_detail"."service" <= 'General Government'   And "county_spending_detail"."fiscal_year_period" in (1,2)))   AND  ("county_spending_detail"."department" IS NOT NULL )  GROUP BY "county_spending_detail"."department"  ORDER BY "county_spending_detail"."department"  ASC  LIMIT 96  OFFSET 18 
SELECT "county_spending_detail"."service"  FROM "county_spending_detail"  WHERE   "county_spending_detail"."service" > 'General Government'   ORDER BY "county_spending_detail"."service"  DESC  LIMIT 53  OFFSET 69 
SELECT "county_spending_detail"."fiscal_year_period", "county_spending_detail"."department"  FROM "county_spending_detail"  LEFT JOIN  "service_hierarchy"  ON "county_spending_detail"."fiscal_year" = "service_hierarchy"."fiscal_year"  AND "county_spending_detail"."service" = "service_hierarchy"."service"  WHERE   ("county_spending_detail"."service" = 'General Government'   And "county_spending_detail"."fiscal_year_period" in (1,2)   And "county_spending_detail"."fiscal_year_period" <= 1    And "county_spending_detail"."service" is null    And "county_spending_detail"."fiscal_year_period" in (1,2))    And ("service_hierarchy"."fiscal_year" is null     Or ("service_hierarchy"."service" is null ))   AND  ("county_spending_detail"."fiscal_year_period" IS NOT NULL  OR "county_spending_detail"."department" IS NOT NULL )  LIMIT 67  OFFSET 28 
SELECT "county_spending_detail"."department", "county_spending_detail"."fiscal_year_period"  FROM "county_spending_detail"  LEFT JOIN  "periods"  ON "county_spending_detail"."fiscal_year_period" = "periods"."period"  WHERE   ("county_spending_detail"."service" = 'General Government'   And ("county_spending_detail"."fiscal_year_period" <= 1   And ("county_spending_detail"."service" = 'General Government'   And "county_spending_detail"."fiscal_year_period" > 1)    And ("county_spending_detail"."fiscal_year_period" is not null     And "county_spending_detail"."service" is null )   And ("county_spending_detail"."fiscal_year_period" > 1   And "county_spending_detail"."service" like 'General%'   And "county_spending_detail"."fiscal_year_period" <> 1)   And "county_spending_detail"."service" <= 'General Government'   And "county_spending_detail"."service" not like '%Government'   And ("county_spending_detail"."service" in ('General Government','Housing and Community Development')   And ("county_spending_detail"."service" >= 'General Government'   And "county_spending_detail"."service" in ('General Government','Housing and Community Development'))    And "county_spending_detail"."fiscal_year_period" is null     And "county_spending_detail"."service" is null )))   AND  ("county_spending_detail"."department" IS NOT NULL  OR "county_spending_detail"."fiscal_year_period" IS NOT NULL )  ORDER BY "county_spending_detail"."department", "county_spending_detail"."fiscal_year_period"  ASC  LIMIT 98  OFFSET 90 
SELECT "county_spending_detail"."service"  FROM "county_spending_detail"  LEFT JOIN  "periods"  ON "county_spending_detail"."fiscal_year_period" = "periods"."period"  WHERE   ("county_spending_detail"."service" = 'General Government'   And ("county_spending_detail"."fiscal_year_period" <> 1   And "county_spending_detail"."service" not like '%Government'   And ("county_spending_detail"."fiscal_year_period" in (1,2)   And "county_spending_detail"."service" <= 'General Government')    And "periods"."period" is null ))   AND  ("county_spending_detail"."service" IS NOT NULL )  GROUP BY "county_spending_detail"."service"  ORDER BY "county_spending_detail"."service"  ASC  LIMIT 70  OFFSET 54 
SELECT "county_spending_detail"."service"  FROM "county_spending_detail"  WHERE   ("county_spending_detail"."service" = 'General Government'   And "county_spending_detail"."service" < 'General Government'   And "county_spending_detail"."fiscal_year_period" in (1,2)   And "county_spending_detail"."service" <> 'General Government'   And "county_spending_detail"."fiscal_year_period" > 1)   GROUP BY "county_spending_detail"."service"  ORDER BY "county_spending_detail"."service"  ASC  LIMIT 88  OFFSET 55 
SELECT "county_spending_detail"."service"  FROM "county_spending_detail"  WHERE   "county_spending_detail"."service" = 'General Government'   GROUP BY "county_spending_detail"."service"  ORDER BY "county_spending_detail"."service"  ASC  LIMIT 57  OFFSET 91 
SELECT "county_spending_detail"."department"  FROM "county_spending_detail"  WHERE   ("county_spending_detail"."service" = 'General Government'   And ("county_spending_detail"."fiscal_year_period" > 1   And "county_spending_detail"."service" >= 'General Government')   And ("county_spending_detail"."service" like 'General%'   And ("county_spending_detail"."fiscal_year_period" <> 1   And "county_spending_detail"."fiscal_year_period" <= 1)    And "county_spending_detail"."service" is not null )   And "county_spending_detail"."service" > 'General Government'    And "county_spending_detail"."service" is not null    And ("county_spending_detail"."service" not like '%Government'   And ("county_spending_detail"."service" >= 'General Government'   And "county_spending_detail"."service" = 'General Government')    And "county_spending_detail"."fiscal_year_period" is null    And "county_spending_detail"."fiscal_year_period" in (1,2)   And "county_spending_detail"."service" = 'General Government'   And ("county_spending_detail"."service" not in ('Housing and Community Development')   And "county_spending_detail"."fiscal_year_period" >= 1    And "county_spending_detail"."service" is null    And "county_spending_detail"."fiscal_year_period" > 1   And "county_spending_detail"."service" = 'General Government')))   ORDER BY "county_spending_detail"."department"  DESC  LIMIT 92  OFFSET 72 
SELECT "county_spending_detail"."fiscal_year_period"  FROM "county_spending_detail"  WHERE   ("county_spending_detail"."service" = 'General Government'   And "county_spending_detail"."fiscal_year_period" <> 1   And "county_spending_detail"."service" not in ('Housing and Community Development')   And "county_spending_detail"."service" not like '%Government'    And ("county_spending_detail"."fiscal_year_period" is null    And ("county_spending_detail"."service" <> 'General Government'   And "county_spending_detail"."fiscal_year_period" > 1)    And ("county_spending_detail"."fiscal_year_period" is not null    And "county_spending_detail"."fiscal_year_period" not in (1,2)    And ("county_spending_detail"."service" is not null    And ("county_spending_detail"."fiscal_year_period" not in (1,2)    And "county_spending_detail"."service" is not null )   And ("county_spending_detail"."fiscal_year_period" in (1,2)   And "county_spending_detail"."service" like 'General%')   And "county_spending_detail"."service" = 'General Government'))))   AND  ("county_spending_detail"."fiscal_year_period" IS NOT NULL )  ORDER BY "county_spending_detail"."fiscal_year_period"  DESC  LIMIT 63  OFFSET 16 
SELECT "county_spending_detail"."service"  FROM "county_spending_detail"  LEFT JOIN  "service_hierarchy"  ON "county_spending_detail"."fiscal_year" = "service_hierarchy"."fiscal_year"  AND "county_spending_detail"."service" = "service_hierarchy"."service"  WHERE   ("county_spending_detail"."service" = 'General Government'   And ("county_spending_detail"."service" like 'General%'    And "county_spending_detail"."fiscal_year_period" is not null    And "county_spending_detail"."service" > 'General Government'   And "county_spending_detail"."fiscal_year_period" > 1   And "county_spending_detail"."service" not in ('Housing and Community Development'))   And ("county_spending_detail"."service" in ('General Government','Housing and Community Development')   And "county_spending_detail"."service" < 'General Government')    And ("service_hierarchy"."fiscal_year" is null     Or ("service_hierarchy"."service" is null )))   LIMIT 28  OFFSET 47 
SELECT "county_spending_detail"."service"  FROM "county_spending_detail"  LEFT JOIN  "periods"  ON "county_spending_detail"."fiscal_year_period" = "periods"."period"  WHERE   "county_spending_detail"."fiscal_year_period" >= 1   GROUP BY "county_spending_detail"."service"  LIMIT 21  OFFSET 28 
SELECT "county_spending_detail"."department", "county_spending_detail"."service"  FROM "county_spending_detail"  LEFT JOIN  "service_hierarchy"  ON "county_spending_detail"."fiscal_year" = "service_hierarchy"."fiscal_year"  AND "county_spending_detail"."service" = "service_hierarchy"."service"  WHERE    "county_spending_detail"."service" is null    AND  ("county_spending_detail"."department" IS NOT NULL  OR "county_spending_detail"."service" IS NOT NULL )  GROUP BY "county_spending_detail"."department", "county_spending_detail"."service"  LIMIT 8  OFFSET 96 
SELECT "county_spending_detail"."department", "county_spending_detail"."department"  FROM "county_spending_detail"  LEFT JOIN  "periods"  ON "county_spending_detail"."fiscal_year_period" = "periods"."period"  WHERE   ("county_spending_detail"."service" = 'General Government'   And "county_spending_detail"."service" like 'General%'   And "county_spending_detail"."service" < 'General Government'   And "county_spending_detail"."fiscal_year_period" not in (1,2)   And "county_spending_detail"."service" = 'General Government'   And "county_spending_detail"."service" >= 'General Government'   And "county_spending_detail"."fiscal_year_period" not in (1,2))   GROUP BY "county_spending_detail"."department", "county_spending_detail"."department"  ORDER BY "county_spending_detail"."department", "county_spending_detail"."department"  ASC  LIMIT 22  OFFSET 34 
SELECT "county_spending_detail"."fiscal_year_period", "county_spending_detail"."service"  FROM "county_spending_detail"  WHERE   ("county_spending_detail"."service" = 'General Government'   And ("county_spending_detail"."service" = 'General Government'   And "county_spending_detail"."fiscal_year_period" not in (1,2)    And "county_spending_detail"."service" is null )   And ("county_spending_detail"."fiscal_year_period" in (1,2)   And "county_spending_detail"."service" >= 'General Government')   And "county_spending_detail"."service" = 'General Government'   And ("county_spending_detail"."service" > 'General Government'    And "county_spending_detail"."fiscal_year_period" is not null )   And ("county_spending_detail"."service" not like '%Government'    And "county_spending_detail"."service" is null     And "county_spending_detail"."service" is not null    And "county_spending_detail"."service" < 'General Government'))   GROUP BY "county_spending_detail"."fiscal_year_period", "county_spending_detail"."service"  ORDER BY "county_spending_detail"."fiscal_year_period", "county_spending_detail"."service"  DESC  LIMIT 75  OFFSET 77 
SELECT "county_spending_detail"."service"  FROM "county_spending_detail"  WHERE   ("county_spending_detail"."service" = 'General Government'   And ("county_spending_detail"."service" not in ('Housing and Community Development')   And "county_spending_detail"."service" = 'General Government'   And "county_spending_detail"."service" in ('General Government','Housing and Community Development')   And ("county_spending_detail"."service" > 'General Government'    And "county_spending_detail"."fiscal_year_period" is null )   And ("county_spending_detail"."service" not in ('Housing and Community Development')    And "county_spending_detail"."fiscal_year_period" is not null )    And "county_spending_detail"."fiscal_year_period" is not null    And "county_spending_detail"."service" not like '%Government'    And ("county_spending_detail"."fiscal_year_period" is null    And "county_spending_detail"."service" >= 'General Government')   And ("county_spending_detail"."service" not like '%Government'   And "county_spending_detail"."fiscal_year_period" not in (1,2))   And ("county_spending_detail"."service" <= 'General Government'   And "county_spending_detail"."service" = 'General Government')   And "county_spending_detail"."service" <> 'General Government'   And ("county_spending_detail"."fiscal_year_period" not in (1,2)   And "county_spending_detail"."service" >= 'General Government')))   GROUP BY "county_spending_detail"."service"  ORDER BY "county_spending_detail"."service"  DESC  LIMIT 9  OFFSET 27 
SELECT "county_spending_detail"."service"  FROM "county_spending_detail"  WHERE   "county_spending_detail"."service" = 'General Government'   LIMIT 70  OFFSET 95 
SELECT "county_spending_detail"."department"  FROM "county_spending_detail"  LEFT JOIN  "periods"  ON "county_spending_detail"."fiscal_year_period" = "periods"."period"  WHERE    "county_spending_detail"."fiscal_year_period" is null     And "periods"."period" is null    LIMIT 66  OFFSET 31 
SELECT "county_spending_detail"."service", "county_spending_detail"."fiscal_year_period"  FROM "county_spending_detail"  WHERE   ("county_spending_detail"."service" = 'General Government'   And ("county_spending_detail"."service" in ('General Government','Housing and Community Development')   And ("county_spending_detail"."service" < 'General Government'   And "county_spending_detail"."service" = 'General Government')    And "county_spending_detail"."fiscal_year_period" is not null    And "county_spending_detail"."service" >= 'General Government')    And "county_spending_detail"."fiscal_year_period" is not null    And ("county_spending_detail"."service" = 'General Government'   And "county_spending_detail"."fiscal_year_period" not in (1,2)   And "county_spending_detail"."service" <> 'General Government'   And ("county_spending_detail"."service" <= 'General Government'   And ("county_spending_detail"."service" <> 'General Government'   And "county_spending_detail"."service" = 'General Government'))))   GROUP BY "county_spending_detail"."service", "county_spending_detail"."fiscal_year_period"  LIMIT 51  OFFSET 53 
SELECT "county_spending_detail"."department"  FROM "county_spending_detail"  LEFT JOIN  "service_hierarchy"  ON "county_spending_detail"."fiscal_year" = "service_hierarchy"."fiscal_year"  AND "county_spending_detail"."service" = "service_hierarchy"."service"  WHERE   "county_spending_detail"."service" = 'General Government'   GROUP BY "county_spending_detail"."department"  LIMIT 2  OFFSET 92 
SELECT "county_spending_detail"."fiscal_year_period", "county_spending_detail"."service"  FROM "county_spending_detail"  LEFT JOIN  "service_hierarchy"  ON "county_spending_detail"."fiscal_year" = "service_hierarchy"."fiscal_year"  AND "county_spending_detail"."service" = "service_hierarchy"."service"  WHERE    "county_spending_detail"."service" is not null     And ("service_hierarchy"."fiscal_year" is null     Or ("service_hierarchy"."service" is null ))   AND  ("county_spending_detail"."fiscal_year_period" IS NOT NULL  OR "county_spending_detail"."service" IS NOT NULL )  GROUP BY "county_spending_detail"."fiscal_year_period", "county_spending_detail"."service"  ORDER BY "county_spending_detail"."fiscal_year_period", "county_spending_detail"."service"  ASC  LIMIT 86  OFFSET 22 
SELECT "county_spending_detail"."fiscal_year_period", "county_spending_detail"."fiscal_year_period"  FROM "county_spending_detail"  WHERE   ("county_spending_detail"."service" = 'General Government'   And "county_spending_detail"."service" like 'General%'    And ("county_spending_detail"."fiscal_year_period" is not null    And ("county_spending_detail"."service" not in ('Housing and Community Development')   And "county_spending_detail"."service" not like '%Government'   And "county_spending_detail"."fiscal_year_period" <> 1)   And ("county_spending_detail"."fiscal_year_period" >= 1   And "county_spending_detail"."service" >= 'General Government')   And ("county_spending_detail"."service" in ('General Government','Housing and Community Development')   And "county_spending_detail"."fiscal_year_period" not in (1,2))   And "county_spending_detail"."fiscal_year_period" in (1,2)   And "county_spending_detail"."service" in ('General Government','Housing and Community Development')   And ("county_spending_detail"."service" > 'General Government'   And ("county_spending_detail"."service" like 'General%'   And ("county_spending_detail"."fiscal_year_period" < 1   And ("county_spending_detail"."fiscal_year_period" < 1   And "county_spending_detail"."service" in ('General Government','Housing and Community Development'))   And ("county_spending_detail"."service" in ('General Government','Housing and Community Development')   And ("county_spending_detail"."fiscal_year_period" <> 1   And "county_spending_detail"."fiscal_year_period" not in (1,2))))))))   GROUP BY "county_spending_detail"."fiscal_year_period", "county_spending_detail"."fiscal_year_period"  LIMIT 15  OFFSET 9 
SELECT "county_spending_detail"."fiscal_year_period"  FROM "county_spending_detail"  WHERE   ("county_spending_detail"."service" = 'General Government'   And ("county_spending_detail"."fiscal_year_period" <= 1    And "county_spending_detail"."service" is null    And "county_spending_detail"."fiscal_year_period" <> 1))   AND  ("county_spending_detail"."fiscal_year_period" IS NOT NULL )  GROUP BY "county_spending_detail"."fiscal_year_period"  LIMIT 43  OFFSET 0 
SELECT "county_spending_detail"."fiscal_year_period"  FROM "county_spending_detail"  WHERE   "county_spending_detail"."fiscal_year_period" > 1   AND  ("county_spending_detail"."fiscal_year_period" IS NOT NULL )  GROUP BY "county_spending_detail"."fiscal_year_period"  LIMIT 38  OFFSET 64 
SELECT "county_spending_detail"."fiscal_year_period"  FROM "county_spending_detail"  LEFT JOIN  "periods"  ON "county_spending_detail"."fiscal_year_period" = "periods"."period"  WHERE   "county_spending_detail"."fiscal_year_period" > 1   AND  ("county_spending_detail"."fiscal_year_period" IS NOT NULL )  LIMIT 67  OFFSET 16 
SELECT "county_spending_detail"."fiscal_year_period"  FROM "county_spending_detail"  WHERE   ("county_spending_detail"."service" = 'General Government'    And ("county_spending_detail"."service" is not null     And "county_spending_detail"."service" is not null ))   AND  ("county_spending_detail"."fiscal_year_period" IS NOT NULL )  ORDER BY "county_spending_detail"."fiscal_year_period"  ASC  LIMIT 92  OFFSET 68 
SELECT "county_spending_detail"."fiscal_year_period"  FROM "county_spending_detail"  WHERE   "county_spending_detail"."fiscal_year_period" <> 1   ORDER BY "county_spending_detail"."fiscal_year_period"  ASC  LIMIT 84  OFFSET 97 
SELECT "county_spending_detail"."department"  FROM "county_spending_detail"  WHERE   ("county_spending_detail"."service" = 'General Government'   And "county_spending_detail"."fiscal_year_period" >= 1   And "county_spending_detail"."fiscal_year_period" not in (1,2)   And ("county_spending_detail"."fiscal_year_period" not in (1,2)   And ("county_spending_detail"."service" not in ('Housing and Community Development')   And "county_spending_detail"."fiscal_year_period" <= 1)   And ("county_spending_detail"."service" <= 'General Government'   And "county_spending_detail"."fiscal_year_period" < 1   And ("county_spending_detail"."fiscal_year_period" > 1   And ("county_spending_detail"."service" like 'General%'   And "county_spending_detail"."fiscal_year_period" < 1)   And "county_spending_detail"."service" > 'General Government'   And ("county_spending_detail"."service" not like '%Government'   And "county_spending_detail"."fiscal_year_period" < 1)   And "county_spending_detail"."service" in ('General Government','Housing and Community Development')    And "county_spending_detail"."service" is null ))))   AND  ("county_spending_detail"."department" IS NOT NULL )  GROUP BY "county_spending_detail"."department"  LIMIT 55  OFFSET 89 
SELECT "county_spending_detail"."fiscal_year_period", "county_spending_detail"."department"  FROM "county_spending_detail"  LEFT JOIN  "service_hierarchy"  ON "county_spending_detail"."fiscal_year" = "service_hierarchy"."fiscal_year"  AND "county_spending_detail"."service" = "service_hierarchy"."service"  WHERE   "county_spending_detail"."fiscal_year_period" <> 1    And ("service_hierarchy"."fiscal_year" is null     Or ("service_hierarchy"."service" is null ))   AND  ("county_spending_detail"."fiscal_year_period" IS NOT NULL  OR "county_spending_detail"."department" IS NOT NULL )  LIMIT 8  OFFSET 63 
SELECT "county_spending_detail"."fiscal_year_period"  FROM "county_spending_detail"  WHERE   ("county_spending_detail"."service" = 'General Government'   And "county_spending_detail"."service" <> 'General Government'   And "county_spending_detail"."service" >= 'General Government'    And ("county_spending_detail"."fiscal_year_period" is not null     And "county_spending_detail"."fiscal_year_period" is not null )    And "county_spending_detail"."service" is not null    And "county_spending_detail"."service" not like '%Government'   And ("county_spending_detail"."fiscal_year_period" in (1,2)    And "county_spending_detail"."service" is not null    And "county_spending_detail"."fiscal_year_period" > 1   And "county_spending_detail"."service" <> 'General Government'    And ("county_spending_detail"."fiscal_year_period" is not null    And "county_spending_detail"."service" >= 'General Government'    And ("county_spending_detail"."service" is not null    And "county_spending_detail"."service" in ('General Government','Housing and Community Development'))   And "county_spending_detail"."fiscal_year_period" <= 1   And ("county_spending_detail"."fiscal_year_period" <= 1   And "county_spending_detail"."fiscal_year_period" not in (1,2))   And ("county_spending_detail"."service" like 'General%'   And "county_spending_detail"."fiscal_year_period" in (1,2))   And "county_spending_detail"."service" in ('General Government','Housing and Community Development'))))   AND  ("county_spending_detail"."fiscal_year_period" IS NOT NULL )  GROUP BY "county_spending_detail"."fiscal_year_period"  ORDER BY "county_spending_detail"."fiscal_year_period"  ASC  LIMIT 34  OFFSET 8 
SELECT "county_spending_detail"."department"  FROM "county_spending_detail"  WHERE   ("county_spending_detail"."service" = 'General Government'   And ("county_spending_detail"."service" < 'General Government'   And ("county_spending_detail"."fiscal_year_period" <= 1   And "county_spending_detail"."fiscal_year_period" not in (1,2))   And "county_spending_detail"."fiscal_year_period" <= 1   And "county_spending_detail"."service" = 'General Government'   And ("county_spending_detail"."service" like 'General%'   And "county_spending_detail"."service" < 'General Government'   And "county_spending_detail"."service" = 'General Government')   And ("county_spending_detail"."service" = 'General Government'   And "county_spending_detail"."service" = 'General Government')   And ("county_spending_detail"."service" in ('General Government','Housing and Community Development')   And ("county_spending_detail"."service" not like '%Government'    And "county_spending_detail"."service" is null    And "county_spending_detail"."service" >= 'General Government')   And "county_spending_detail"."fiscal_year_period" <= 1   And ("county_spending_detail"."service" = 'General Government'   And "county_spending_detail"."service" <= 'General Government'   And ("county_spending_detail"."service" like 'General%'    And "county_spending_detail"."fiscal_year_period" is not null )   And "county_spending_detail"."service" <= 'General Government'))))   AND  ("county_spending_detail"."department" IS NOT NULL )  ORDER BY "county_spending_detail"."department"  DESC  LIMIT 18  OFFSET 54 
SELECT "county_spending_detail"."department"  FROM "county_spending_detail"  WHERE   ("county_spending_detail"."service" = 'General Government'   And "county_spending_detail"."fiscal_year_period" <> 1   And "county_spending_detail"."fiscal_year_period" >= 1   And "county_spending_detail"."service" <> 'General Government'   And ("county_spending_detail"."service" >= 'General Government'   And "county_spending_detail"."fiscal_year_period" >= 1)   And "county_spending_detail"."service" like 'General%'   And ("county_spending_detail"."service" < 'General Government'   And "county_spending_detail"."service" = 'General Government'   And "county_spending_detail"."service" > 'General Government')   And "county_spending_detail"."fiscal_year_period" >= 1   And "county_spending_detail"."service" = 'General Government'   And "county_spending_detail"."fiscal_year_period" > 1    And "county_spending_detail"."service" is null    And ("county_spending_detail"."service" in ('General Government','Housing and Community Development')    And "county_spending_detail"."fiscal_year_period" is not null ))   LIMIT 92  OFFSET 94 
SELECT "county_spending_detail"."fiscal_year_period", "county_spending_detail"."service"  FROM "county_spending_detail"  LEFT JOIN  "periods"  ON "county_spending_detail"."fiscal_year_period" = "periods"."period"  WHERE   "county_spending_detail"."fiscal_year_period" <= 1    And "periods"."period" is null    AND  ("county_spending_detail"."fiscal_year_period" IS NOT NULL  OR "county_spending_detail"."service" IS NOT NULL )  GROUP BY "county_spending_detail"."fiscal_year_period", "county_spending_detail"."service"  LIMIT 2  OFFSET 89 
SELECT "county_spending_detail"."service"  FROM "county_spending_detail"  LEFT JOIN  "periods"  ON "county_spending_detail"."fiscal_year_period" = "periods"."period"  WHERE   "county_spending_detail"."service" = 'General Government'   AND  ("county_spending_detail"."service" IS NOT NULL )  GROUP BY "county_spending_detail"."service"  LIMIT 3  OFFSET 18 
SELECT "county_spending_detail"."department"  FROM "county_spending_detail"  LEFT JOIN  "service_hierarchy"  ON "county_spending_detail"."fiscal_year" = "service_hierarchy"."fiscal_year"  AND "county_spending_detail"."service" = "service_hierarchy"."service"  WHERE    "county_spending_detail"."service" is not null    AND  ("county_spending_detail"."department" IS NOT NULL )  ORDER BY "county_spending_detail"."department"  ASC  LIMIT 96  OFFSET 35 
SELECT "county_spending_detail"."fiscal_year_period"  FROM "county_spending_detail"  LEFT JOIN  "periods"  ON "county_spending_detail"."fiscal_year_period" = "periods"."period"  WHERE   ("county_spending_detail"."service" = 'General Government'   And "county_spending_detail"."service" <= 'General Government'   And "county_spending_detail"."service" = 'General Government'   And "county_spending_detail"."service" not in ('Housing and Community Development')   And "county_spending_detail"."service" <= 'General Government'   And ("county_spending_detail"."service" <> 'General Government'   And "county_spending_detail"."service" not like '%Government'   And "county_spending_detail"."service" not in ('Housing and Community Development')    And "county_spending_detail"."fiscal_year_period" is null    And ("county_spending_detail"."fiscal_year_period" <= 1   And "county_spending_detail"."service" like 'General%')))   GROUP BY "county_spending_detail"."fiscal_year_period"  ORDER BY "county_spending_detail"."fiscal_year_period"  ASC  LIMIT 11  OFFSET 36 
SELECT "county_spending_detail"."fiscal_year_period"  FROM "county_spending_detail"  LEFT JOIN  "service_hierarchy"  ON "county_spending_detail"."fiscal_year" = "service_hierarchy"."fiscal_year"  AND "county_spending_detail"."service" = "service_hierarchy"."service"  WHERE   "county_spending_detail"."service" <= 'General Government'   GROUP BY "county_spending_detail"."fiscal_year_period"  ORDER BY "county_spending_detail"."fiscal_year_period"  DESC  LIMIT 1  OFFSET 16 
SELECT "county_spending_detail"."department"  FROM "county_spending_detail"  WHERE   "county_spending_detail"."service" = 'General Government'   GROUP BY "county_spending_detail"."department"  ORDER BY "county_spending_detail"."department"  ASC  LIMIT 19  OFFSET 86 
SELECT "county_spending_detail"."fiscal_year_period"  FROM "county_spending_detail"  WHERE   "county_spending_detail"."service" <> 'General Government'   AND  ("county_spending_detail"."fiscal_year_period" IS NOT NULL )  GROUP BY "county_spending_detail"."fiscal_year_period"  LIMIT 75  OFFSET 48 
SELECT "county_spending_detail"."fiscal_year_period"  FROM "county_spending_detail"  WHERE   "county_spending_detail"."service" like 'General%'   GROUP BY "county_spending_detail"."fiscal_year_period"  ORDER BY "county_spending_detail"."fiscal_year_period"  ASC  LIMIT 10  OFFSET 63 
SELECT "county_spending_detail"."service"  FROM "county_spending_detail"  WHERE   ("county_spending_detail"."service" = 'General Government'   And ("county_spending_detail"."service" >= 'General Government'   And "county_spending_detail"."service" >= 'General Government')   And "county_spending_detail"."fiscal_year_period" not in (1,2)   And ("county_spending_detail"."fiscal_year_period" <= 1   And "county_spending_detail"."service" not like '%Government')   And ("county_spending_detail"."service" not like '%Government'   And "county_spending_detail"."fiscal_year_period" <= 1)   And "county_spending_detail"."fiscal_year_period" > 1   And "county_spending_detail"."service" <= 'General Government')   GROUP BY "county_spending_detail"."service"  LIMIT 34  OFFSET 11 
SELECT "county_spending_detail"."service"  FROM "county_spending_detail"  LEFT JOIN  "periods"  ON "county_spending_detail"."fiscal_year_period" = "periods"."period"  WHERE   ("county_spending_detail"."service" = 'General Government'    And ("county_spending_detail"."fiscal_year_period" is null    And "county_spending_detail"."service" <= 'General Government')   And ("county_spending_detail"."fiscal_year_period" >= 1   And ("county_spending_detail"."service" not like '%Government'   And ("county_spending_detail"."service" like 'General%'   And "county_spending_detail"."service" like 'General%'   And "county_spending_detail"."service" in ('General Government','Housing and Community Development'))   And "county_spending_detail"."service" not in ('Housing and Community Development'))    And "periods"."period" is null ))   GROUP BY "county_spending_detail"."service"  ORDER BY "county_spending_detail"."service"  ASC  LIMIT 8  OFFSET 67 
SELECT "county_spending_detail"."service", "county_spending_detail"."department"  FROM "county_spending_detail"  WHERE   ("county_spending_detail"."service" = 'General Government'    And ("county_spending_detail"."service" is not null    And "county_spending_detail"."service" = 'General Government')   And ("county_spending_detail"."service" not in ('Housing and Community Development')    And "county_spending_detail"."fiscal_year_period" is null )   And ("county_spending_detail"."service" = 'General Government'   And "county_spending_detail"."fiscal_year_period" not in (1,2)    And ("county_spending_detail"."service" is not null    And ("county_spending_detail"."service" <> 'General Government'   And "county_spending_detail"."service" >= 'General Government')   And "county_spending_detail"."service" = 'General Government')   And "county_spending_detail"."service" in ('General Government','Housing and Community Development')))   AND  ("county_spending_detail"."service" IS NOT NULL  OR "county_spending_detail"."department" IS NOT NULL )  GROUP BY "county_spending_detail"."service", "county_spending_detail"."department"  ORDER BY "county_spending_detail"."service", "county_spending_detail"."department"  DESC  LIMIT 79  OFFSET 98 
SELECT "county_spending_detail"."department"  FROM "county_spending_detail"  LEFT JOIN  "service_hierarchy"  ON "county_spending_detail"."fiscal_year" = "service_hierarchy"."fiscal_year"  AND "county_spending_detail"."service" = "service_hierarchy"."service"  WHERE    "county_spending_detail"."service" is not null    AND  ("county_spending_detail"."department" IS NOT NULL )  GROUP BY "county_spending_detail"."department"  LIMIT 39  OFFSET 78 
SELECT "county_spending_detail"."service"  FROM "county_spending_detail"  LEFT JOIN  "periods"  ON "county_spending_detail"."fiscal_year_period" = "periods"."period"  WHERE   ("county_spending_detail"."service" = 'General Government'   And "county_spending_detail"."fiscal_year_period" > 1   And "county_spending_detail"."fiscal_year_period" < 1   And "county_spending_detail"."service" not in ('Housing and Community Development')   And ("county_spending_detail"."service" <= 'General Government'   And "county_spending_detail"."service" not like '%Government'   And "county_spending_detail"."service" like 'General%'   And "county_spending_detail"."fiscal_year_period" in (1,2)   And "county_spending_detail"."fiscal_year_period" >= 1)   And "county_spending_detail"."service" = 'General Government'   And "county_spending_detail"."service" < 'General Government')   LIMIT 94  OFFSET 77 
SELECT "county_spending_detail"."department"  FROM "county_spending_detail"  WHERE   "county_spending_detail"."service" <= 'General Government'   AND  ("county_spending_detail"."department" IS NOT NULL )  LIMIT 15  OFFSET 37 
SELECT "county_spending_detail"."department"  FROM "county_spending_detail"  LEFT JOIN  "service_hierarchy"  ON "county_spending_detail"."fiscal_year" = "service_hierarchy"."fiscal_year"  AND "county_spending_detail"."service" = "service_hierarchy"."service"  WHERE   "county_spending_detail"."service" = 'General Government'    And ("service_hierarchy"."fiscal_year" is null     Or ("service_hierarchy"."service" is null ))   AND  ("county_spending_detail"."department" IS NOT NULL )  ORDER BY "county_spending_detail"."department"  ASC  LIMIT 27  OFFSET 92 
SELECT "county_spending_detail"."department"  FROM "county_spending_detail"  LEFT JOIN  "service_hierarchy"  ON "county_spending_detail"."fiscal_year" = "service_hierarchy"."fiscal_year"  AND "county_spending_detail"."service" = "service_hierarchy"."service"  WHERE   "county_spending_detail"."fiscal_year_period" >= 1    And ("service_hierarchy"."fiscal_year" is null     Or ("service_hierarchy"."service" is null ))   ORDER BY "county_spending_detail"."department"  DESC  LIMIT 95  OFFSET 90 
SELECT "county_spending_detail"."department", "county_spending_detail"."service"  FROM "county_spending_detail"  LEFT JOIN  "service_hierarchy"  ON "county_spending_detail"."fiscal_year" = "service_hierarchy"."fiscal_year"  AND "county_spending_detail"."service" = "service_hierarchy"."service"  WHERE   "county_spending_detail"."fiscal_year_period" <> 1    And ("service_hierarchy"."fiscal_year" is null     Or ("service_hierarchy"."service" is null ))   LIMIT 10  OFFSET 66 
SELECT "county_spending_detail"."service", "county_spending_detail"."service"  FROM "county_spending_detail"  WHERE   ("county_spending_detail"."service" = 'General Government'    And "county_spending_detail"."fiscal_year_period" is not null    And "county_spending_detail"."service" like 'General%'   And "county_spending_detail"."service" >= 'General Government'   And "county_spending_detail"."fiscal_year_period" > 1   And "county_spending_detail"."service" not in ('Housing and Community Development')   And "county_spending_detail"."service" >= 'General Government'   And "county_spending_detail"."fiscal_year_period" <> 1   And "county_spending_detail"."service" in ('General Government','Housing and Community Development')   And "county_spending_detail"."service" <= 'General Government'    And "county_spending_detail"."service" is not null )   AND  ("county_spending_detail"."service" IS NOT NULL  OR "county_spending_detail"."service" IS NOT NULL )  ORDER BY "county_spending_detail"."service", "county_spending_detail"."service"  ASC  LIMIT 48  OFFSET 6 
SELECT "county_spending_detail"."service", "county_spending_detail"."department"  FROM "county_spending_detail"  LEFT JOIN  "service_hierarchy"  ON "county_spending_detail"."fiscal_year" = "service_hierarchy"."fiscal_year"  AND "county_spending_detail"."service" = "service_hierarchy"."service"  WHERE   "county_spending_detail"."fiscal_year_period" > 1   AND  ("county_spending_detail"."service" IS NOT NULL  OR "county_spending_detail"."department" IS NOT NULL )  GROUP BY "county_spending_detail"."service", "county_spending_detail"."department"  ORDER BY "county_spending_detail"."service", "county_spending_detail"."department"  ASC  LIMIT 37  OFFSET 57 
SELECT "county_spending_detail"."department", "county_spending_detail"."department"  FROM "county_spending_detail"  WHERE   "county_spending_detail"."fiscal_year_period" > 1   ORDER BY "county_spending_detail"."department", "county_spending_detail"."department"  ASC  LIMIT 50  OFFSET 73 
SELECT "county_spending_detail"."department"  FROM "county_spending_detail"  LEFT JOIN  "service_hierarchy"  ON "county_spending_detail"."fiscal_year" = "service_hierarchy"."fiscal_year"  AND "county_spending_detail"."service" = "service_hierarchy"."service"  WHERE   "county_spending_detail"."service" = 'General Government'   GROUP BY "county_spending_detail"."department"  LIMIT 51  OFFSET 17 
SELECT "county_spending_detail"."fiscal_year_period"  FROM "county_spending_detail"  WHERE   ("county_spending_detail"."service" = 'General Government'    And ("county_spending_detail"."service" is not null    And "county_spending_detail"."service" >= 'General Government'   And "county_spending_detail"."service" not like '%Government')   And ("county_spending_detail"."service" <> 'General Government'   And "county_spending_detail"."fiscal_year_period" not in (1,2))    And ("county_spending_detail"."fiscal_year_period" is null    And ("county_spending_detail"."fiscal_year_period" <> 1   And ("county_spending_detail"."service" < 'General Government'    And "county_spending_detail"."service" is null )    And "county_spending_detail"."service" is null )    And "county_spending_detail"."service" is null     And ("county_spending_detail"."fiscal_year_period" is null     And "county_spending_detail"."service" is null    And "county_spending_detail"."service" not like '%Government')))   AND  ("county_spending_detail"."fiscal_year_period" IS NOT NULL )  GROUP BY "county_spending_detail"."fiscal_year_period"  LIMIT 61  OFFSET 47 
SELECT "county_spending_detail"."service", "county_spending_detail"."department"  FROM "county_spending_detail"  WHERE   ("county_spending_detail"."service" = 'General Government'   And ("county_spending_detail"."fiscal_year_period" <= 1   And "county_spending_detail"."service" <= 'General Government')    And "county_spending_detail"."service" is null    And ("county_spending_detail"."service" <= 'General Government'   And ("county_spending_detail"."fiscal_year_period" not in (1,2)    And ("county_spending_detail"."fiscal_year_period" is not null    And "county_spending_detail"."service" in ('General Government','Housing and Community Development')   And "county_spending_detail"."service" <> 'General Government'   And "county_spending_detail"."service" not like '%Government')   And ("county_spending_detail"."service" = 'General Government'   And ("county_spending_detail"."fiscal_year_period" < 1   And "county_spending_detail"."service" in ('General Government','Housing and Community Development'))))))   AND  ("county_spending_detail"."service" IS NOT NULL  OR "county_spending_detail"."department" IS NOT NULL )  GROUP BY "county_spending_detail"."service", "county_spending_detail"."department"  LIMIT 31  OFFSET 29 
SELECT "county_spending_detail"."service"  FROM "county_spending_detail"  WHERE   "county_spending_detail"."service" = 'General Government'   AND  ("county_spending_detail"."service" IS NOT NULL )  GROUP BY "county_spending_detail"."service"  LIMIT 57  OFFSET 9 
SELECT "county_spending_detail"."department", "county_spending_detail"."service"  FROM "county_spending_detail"  LEFT JOIN  "periods"  ON "county_spending_detail"."fiscal_year_period" = "periods"."period"  WHERE   "county_spending_detail"."fiscal_year_period" < 1   ORDER BY "county_spending_detail"."department", "county_spending_detail"."service"  DESC  LIMIT 27  OFFSET 56 
SELECT "county_spending_detail"."department"  FROM "county_spending_detail"  LEFT JOIN  "periods"  ON "county_spending_detail"."fiscal_year_period" = "periods"."period"  WHERE    "county_spending_detail"."service" is not null    AND  ("county_spending_detail"."department" IS NOT NULL )  LIMIT 49  OFFSET 39 
SELECT "county_spending_detail"."department"  FROM "county_spending_detail"  WHERE    "county_spending_detail"."fiscal_year_period" is not null    AND  ("county_spending_detail"."department" IS NOT NULL )  GROUP BY "county_spending_detail"."department"  LIMIT 35  OFFSET 36 
SELECT "county_spending_detail"."department"  FROM "county_spending_detail"  LEFT JOIN  "service_hierarchy"  ON "county_spending_detail"."fiscal_year" = "service_hierarchy"."fiscal_year"  AND "county_spending_detail"."service" = "service_hierarchy"."service"  WHERE   "county_spending_detail"."fiscal_year_period" not in (1,2)   AND  ("county_spending_detail"."department" IS NOT NULL )  LIMIT 71  OFFSET 74 
SELECT "county_spending_detail"."department"  FROM "county_spending_detail"  LEFT JOIN  "periods"  ON "county_spending_detail"."fiscal_year_period" = "periods"."period"  WHERE   "county_spending_detail"."service" not like '%Government'    And "periods"."period" is null    ORDER BY "county_spending_detail"."department"  DESC  LIMIT 72  OFFSET 7 
SELECT "county_spending_detail"."service", "county_spending_detail"."department"  FROM "county_spending_detail"  LEFT JOIN  "periods"  ON "county_spending_detail"."fiscal_year_period" = "periods"."period"  WHERE   "county_spending_detail"."fiscal_year_period" in (1,2)    And "periods"."period" is null    AND  ("county_spending_detail"."service" IS NOT NULL  OR "county_spending_detail"."department" IS NOT NULL )  GROUP BY "county_spending_detail"."service", "county_spending_detail"."department"  LIMIT 54  OFFSET 40 
SELECT "county_spending_detail"."department"  FROM "county_spending_detail"  WHERE   "county_spending_detail"."service" = 'General Government'   LIMIT 49  OFFSET 35 
SELECT "county_spending_detail"."service"  FROM "county_spending_detail"  LEFT JOIN  "service_hierarchy"  ON "county_spending_detail"."fiscal_year" = "service_hierarchy"."fiscal_year"  AND "county_spending_detail"."service" = "service_hierarchy"."service"  WHERE   ("county_spending_detail"."service" = 'General Government'   And ("county_spending_detail"."service" >= 'General Government'   And ("county_spending_detail"."service" > 'General Government'    And "county_spending_detail"."fiscal_year_period" is not null )   And "county_spending_detail"."service" = 'General Government'   And "county_spending_detail"."fiscal_year_period" in (1,2)   And "county_spending_detail"."service" not like '%Government'   And "county_spending_detail"."service" <= 'General Government'   And ("county_spending_detail"."fiscal_year_period" >= 1   And "county_spending_detail"."service" in ('General Government','Housing and Community Development'))   And ("county_spending_detail"."fiscal_year_period" not in (1,2)   And ("county_spending_detail"."fiscal_year_period" <= 1   And "county_spending_detail"."fiscal_year_period" <= 1)   And "county_spending_detail"."fiscal_year_period" < 1)))   AND  ("county_spending_detail"."service" IS NOT NULL )  LIMIT 98  OFFSET 57 
SELECT "county_spending_detail"."service"  FROM "county_spending_detail"  WHERE   ("county_spending_detail"."service" = 'General Government'   And ("county_spending_detail"."service" <> 'General Government'   And "county_spending_detail"."fiscal_year_period" <> 1))   AND  ("county_spending_detail"."service" IS NOT NULL )  LIMIT 50  OFFSET 31 
SELECT "county_spending_detail"."service"  FROM "county_spending_detail"  WHERE    "county_spending_detail"."service" is not null    AND  ("county_spending_detail"."service" IS NOT NULL )  GROUP BY "county_spending_detail"."service"  ORDER BY "county_spending_detail"."service"  DESC  LIMIT 13  OFFSET 83 
SELECT "county_spending_detail"."department"  FROM "county_spending_detail"  LEFT JOIN  "service_hierarchy"  ON "county_spending_detail"."fiscal_year" = "service_hierarchy"."fiscal_year"  AND "county_spending_detail"."service" = "service_hierarchy"."service"  WHERE   ("county_spending_detail"."service" = 'General Government'   And "county_spending_detail"."fiscal_year_period" <= 1)   GROUP BY "county_spending_detail"."department"  LIMIT 79  OFFSET 52 
[...]
SELECT "county_spending_detail"."department", "county_spending_detail"."service"  FROM "county_spending_detail"  LEFT JOIN  "periods"  ON "county_spending_detail"."fiscal_year_period" = "periods"."period"  WHERE   ("county_spending_detail"."service" = 'General Government'   And "county_spending_detail"."service" > 'General Government'   And ("county_spending_detail"."fiscal_year_period" <= 1   And "county_spending_detail"."service" in ('General Government','Housing and Community Development')   And "county_spending_detail"."fiscal_year_period" not in (1,2)   And "county_spending_detail"."service" < 'General Government'   And ("county_spending_detail"."service" < 'General Government'   And "county_spending_detail"."fiscal_year_period" < 1)))   GROUP BY "county_spending_detail"."department", "county_spending_detail"."service"  LIMIT 95  OFFSET 68 
SELECT "county_spending_detail"."fiscal_year_period"  FROM "county_spending_detail"  LEFT JOIN  "periods"  ON "county_spending_detail"."fiscal_year_period" = "periods"."period"  WHERE   ("county_spending_detail"."service" = 'General Government'   And ("county_spending_detail"."service" not in ('Housing and Community Development')   And "county_spending_detail"."fiscal_year_period" not in (1,2))   And "county_spending_detail"."service" <> 'General Government'   And "county_spending_detail"."service" > 'General Government'    And ("county_spending_detail"."fiscal_year_period" is null    And "county_spending_detail"."service" < 'General Government'   And "county_spending_detail"."service" not like '%Government')   And "county_spending_detail"."service" < 'General Government'    And ("county_spending_detail"."service" is not null    And "county_spending_detail"."service" > 'General Government')    And "periods"."period" is null )   AND  ("county_spending_detail"."fiscal_year_period" IS NOT NULL )  ORDER BY "county_spending_detail"."fiscal_year_period"  ASC  LIMIT 14  OFFSET 13 
SELECT "county_spending_detail"."department"  FROM "county_spending_detail"  LEFT JOIN  "service_hierarchy"  ON "county_spending_detail"."fiscal_year" = "service_hierarchy"."fiscal_year"  AND "county_spending_detail"."service" = "service_hierarchy"."service"  WHERE   "county_spending_detail"."service" > 'General Government'   AND  ("county_spending_detail"."department" IS NOT NULL )  LIMIT 66  OFFSET 91 
SELECT "county_spending_detail"."department"  FROM "county_spending_detail"  WHERE   ("county_spending_detail"."service" = 'General Government'   And ("county_spending_detail"."service" not in ('Housing and Community Development')   And "county_spending_detail"."service" = 'General Government')   And ("county_spending_detail"."fiscal_year_period" not in (1,2)    And "county_spending_detail"."service" is null )   And ("county_spending_detail"."fiscal_year_period" > 1    And ("county_spending_detail"."service" is null    And "county_spending_detail"."fiscal_year_period" < 1)    And ("county_spending_detail"."fiscal_year_period" is not null     And "county_spending_detail"."service" is not null )   And "county_spending_detail"."fiscal_year_period" not in (1,2)   And ("county_spending_detail"."service" not in ('Housing and Community Development')    And "county_spending_detail"."service" is null )   And ("county_spending_detail"."fiscal_year_period" not in (1,2)   And ("county_spending_detail"."service" like 'General%'   And "county_spending_detail"."service" like 'General%'))))   GROUP BY "county_spending_detail"."department"  ORDER BY "county_spending_detail"."department"  ASC  LIMIT 40  OFFSET 50 
SELECT "county_spending_detail"."service"  FROM "county_spending_detail"  LEFT JOIN  "periods"  ON "county_spending_detail"."fiscal_year_period" = "periods"."period"  WHERE   ("county_spending_detail"."service" = 'General Government'   And ("county_spending_detail"."service" not in ('Housing and Community Development')   And ("county_spending_detail"."service" like 'General%'   And ("county_spending_detail"."service" = 'General Government'   And "county_spending_detail"."fiscal_year_period" <= 1)   And "county_spending_detail"."service" not like '%Government')    And "county_spending_detail"."service" is null ))   AND  ("county_spending_detail"."service" IS NOT NULL )  ORDER BY "county_spending_detail"."service"  ASC  LIMIT 47  OFFSET 21 
SELECT "county_spending_detail"."service"  FROM "county_spending_detail"  LEFT JOIN  "periods"  ON "county_spending_detail"."fiscal_year_period" = "periods"."period"  WHERE   ("county_spending_detail"."service" = 'General Government'    And "county_spending_detail"."fiscal_year_period" is null    And "county_spending_detail"."fiscal_year_period" < 1    And "county_spending_detail"."service" is not null    And ("county_spending_detail"."service" not in ('Housing and Community Development')    And "county_spending_detail"."service" is null )   And ("county_spending_detail"."service" <> 'General Government'   And "county_spending_detail"."service" <= 'General Government')    And "periods"."period" is null )   AND  ("county_spending_detail"."service" IS NOT NULL )  GROUP BY "county_spending_detail"."service"  LIMIT 42  OFFSET 43 
SELECT "county_spending_detail"."department", "county_spending_detail"."fiscal_year_period"  FROM "county_spending_detail"  LEFT JOIN  "periods"  ON "county_spending_detail"."fiscal_year_period" = "periods"."period"  WHERE   ("county_spending_detail"."service" = 'General Government'   And "county_spending_detail"."service" <> 'General Government'   And "county_spending_detail"."service" >= 'General Government'   And "county_spending_detail"."service" = 'General Government'   And ("county_spending_detail"."service" <= 'General Government'   And "county_spending_detail"."service" not like '%Government'))   AND  ("county_spending_detail"."department" IS NOT NULL  OR "county_spending_detail"."fiscal_year_period" IS NOT NULL )  LIMIT 74  OFFSET 19 
SELECT "county_spending_detail"."service"  FROM "county_spending_detail"  WHERE   "county_spending_detail"."service" like 'General%'   GROUP BY "county_spending_detail"."service"  LIMIT 70  OFFSET 18 
SELECT "county_spending_detail"."service"  FROM "county_spending_detail"  LEFT JOIN  "service_hierarchy"  ON "county_spending_detail"."fiscal_year" = "service_hierarchy"."fiscal_year"  AND "county_spending_detail"."service" = "service_hierarchy"."service"  WHERE   "county_spending_detail"."service" in ('General Government','Housing and Community Development')    And ("service_hierarchy"."fiscal_year" is null     Or ("service_hierarchy"."service" is null ))   AND  ("county_spending_detail"."service" IS NOT NULL )  LIMIT 56  OFFSET 1 
SELECT "county_spending_detail"."service"  FROM "county_spending_detail"  LEFT JOIN  "periods"  ON "county_spending_detail"."fiscal_year_period" = "periods"."period"  WHERE   "county_spending_detail"."service" > 'General Government'    And "periods"."period" is null    LIMIT 79  OFFSET 57 
SELECT "county_spending_detail"."department"  FROM "county_spending_detail"  WHERE   "county_spending_detail"."service" = 'General Government'   AND  ("county_spending_detail"."department" IS NOT NULL )  ORDER BY "county_spending_detail"."department"  ASC  LIMIT 33  OFFSET 62 
SELECT "county_spending_detail"."department"  FROM "county_spending_detail"  LEFT JOIN  "periods"  ON "county_spending_detail"."fiscal_year_period" = "periods"."period"  WHERE   ("county_spending_detail"."service" = 'General Government'    And ("county_spending_detail"."fiscal_year_period" is null    And ("county_spending_detail"."service" like 'General%'   And ("county_spending_detail"."service" not like '%Government'   And ("county_spending_detail"."fiscal_year_period" in (1,2)   And "county_spending_detail"."fiscal_year_period" in (1,2))   And ("county_spending_detail"."fiscal_year_period" <= 1   And "county_spending_detail"."fiscal_year_period" < 1)   And ("county_spending_detail"."fiscal_year_period" <= 1   And "county_spending_detail"."service" in ('General Government','Housing and Community Development'))   And "county_spending_detail"."service" not in ('Housing and Community Development')   And "county_spending_detail"."service" <= 'General Government'   And ("county_spending_detail"."fiscal_year_period" in (1,2)   And "county_spending_detail"."fiscal_year_period" not in (1,2))   And ("county_spending_detail"."service" >= 'General Government'    And "county_spending_detail"."service" is null    And "county_spending_detail"."fiscal_year_period" > 1)))))   AND  ("county_spending_detail"."department" IS NOT NULL )  LIMIT 33  OFFSET 95 
SELECT "county_spending_detail"."fiscal_year_period"  FROM "county_spending_detail"  LEFT JOIN  "periods"  ON "county_spending_detail"."fiscal_year_period" = "periods"."period"  WHERE   ("county_spending_detail"."service" = 'General Government'    And "county_spending_detail"."service" is null    And ("county_spending_detail"."fiscal_year_period" in (1,2)   And "county_spending_detail"."fiscal_year_period" not in (1,2)   And "county_spending_detail"."service" = 'General Government')   And ("county_spending_detail"."service" in ('General Government','Housing and Community Development')    And "county_spending_detail"."service" is null    And "county_spending_detail"."fiscal_year_period" not in (1,2)   And "county_spending_detail"."fiscal_year_period" in (1,2)))   LIMIT 59  OFFSET 83 
SELECT "county_spending_detail"."department", "county_spending_detail"."fiscal_year_period"  FROM "county_spending_detail"  WHERE    "county_spending_detail"."fiscal_year_period" is null    AND  ("county_spending_detail"."department" IS NOT NULL  OR "county_spending_detail"."fiscal_year_period" IS NOT NULL )  LIMIT 41  OFFSET 25 
SELECT "county_spending_detail"."department"  FROM "county_spending_detail"  LEFT JOIN  "service_hierarchy"  ON "county_spending_detail"."fiscal_year" = "service_hierarchy"."fiscal_year"  AND "county_spending_detail"."service" = "service_hierarchy"."service"  WHERE   "county_spending_detail"."fiscal_year_period" >= 1   AND  ("county_spending_detail"."department" IS NOT NULL )  GROUP BY "county_spending_detail"."department"  LIMIT 71  OFFSET 12 
SELECT "county_spending_detail"."department"  FROM "county_spending_detail"  LEFT JOIN  "service_hierarchy"  ON "county_spending_detail"."fiscal_year" = "service_hierarchy"."fiscal_year"  AND "county_spending_detail"."service" = "service_hierarchy"."service"  WHERE   ("county_spending_detail"."service" = 'General Government'   And "county_spending_detail"."fiscal_year_period" <> 1   And "county_spending_detail"."service" not in ('Housing and Community Development')   And ("county_spending_detail"."service" <= 'General Government'   And "county_spending_detail"."service" like 'General%')   And "county_spending_detail"."service" <= 'General Government')    And ("service_hierarchy"."fiscal_year" is null     Or ("service_hierarchy"."service" is null ))   AND  ("county_spending_detail"."department" IS NOT NULL )  LIMIT 28  OFFSET 81 
SELECT "county_spending_detail"."department"  FROM "county_spending_detail"  WHERE   ("county_spending_detail"."service" = 'General Government'    And "county_spending_detail"."fiscal_year_period" is not null     And ("county_spending_detail"."fiscal_year_period" is null    And "county_spending_detail"."service" in ('General Government','Housing and Community Development')   And "county_spending_detail"."service" not like '%Government'   And ("county_spending_detail"."fiscal_year_period" not in (1,2)    And "county_spending_detail"."service" is not null )   And "county_spending_detail"."service" = 'General Government'    And "county_spending_detail"."service" is null )   And ("county_spending_detail"."fiscal_year_period" >= 1   And "county_spending_detail"."fiscal_year_period" not in (1,2)))   AND  ("county_spending_detail"."department" IS NOT NULL )  LIMIT 73  OFFSET 57 
SELECT "county_spending_detail"."fiscal_year_period", "county_spending_detail"."service"  FROM "county_spending_detail"  LEFT JOIN  "service_hierarchy"  ON "county_spending_detail"."fiscal_year" = "service_hierarchy"."fiscal_year"  AND "county_spending_detail"."service" = "service_hierarchy"."service"  WHERE   "county_spending_detail"."service" in ('General Government','Housing and Community Development')    And ("service_hierarchy"."fiscal_year" is null     Or ("service_hierarchy"."service" is null ))   AND  ("county_spending_detail"."fiscal_year_period" IS NOT NULL  OR "county_spending_detail"."service" IS NOT NULL )  LIMIT 20  OFFSET 75 
SELECT "county_spending_detail"."department", "county_spending_detail"."fiscal_year_period"  FROM "county_spending_detail"  LEFT JOIN  "periods"  ON "county_spending_detail"."fiscal_year_period" = "periods"."period"  WHERE   ("county_spending_detail"."service" = 'General Government'   And "county_spending_detail"."service" < 'General Government')    And "periods"."period" is null    AND  ("county_spending_detail"."department" IS NOT NULL  OR "county_spending_detail"."fiscal_year_period" IS NOT NULL )  GROUP BY "county_spending_detail"."department", "county_spending_detail"."fiscal_year_period"  ORDER BY "county_spending_detail"."department", "county_spending_detail"."fiscal_year_period"  DESC  LIMIT 22  OFFSET 46 
SELECT "county_spending_detail"."service"  FROM "county_spending_detail"  LEFT JOIN  "periods"  ON "county_spending_detail"."fiscal_year_period" = "periods"."period"  WHERE    "county_spending_detail"."fiscal_year_period" is null    AND  ("county_spending_detail"."service" IS NOT NULL )  ORDER BY "county_spending_detail"."service"  DESC  LIMIT 51  OFFSET 71 
SELECT "county_spending_detail"."service"  FROM "county_spending_detail"  WHERE   ("county_spending_detail"."service" = 'General Government'   And ("county_spending_detail"."fiscal_year_period" >= 1   And ("county_spending_detail"."service" >= 'General Government'   And ("county_spending_detail"."fiscal_year_period" <> 1   And "county_spending_detail"."fiscal_year_period" < 1)   And ("county_spending_detail"."service" < 'General Government'   And "county_spending_detail"."service" = 'General Government'))))   GROUP BY "county_spending_detail"."service"  ORDER BY "county_spending_detail"."service"  ASC  LIMIT 56  OFFSET 18 
SELECT "county_spending_detail"."fiscal_year_period", "county_spending_detail"."department"  FROM "county_spending_detail"  LEFT JOIN  "periods"  ON "county_spending_detail"."fiscal_year_period" = "periods"."period"  WHERE   "county_spending_detail"."service" <> 'General Government'    And "periods"."period" is null    GROUP BY "county_spending_detail"."fiscal_year_period", "county_spending_detail"."department"  LIMIT 71  OFFSET 83 
SELECT "county_spending_detail"."service"  FROM "county_spending_detail"  WHERE   ("county_spending_detail"."service" = 'General Government'   And ("county_spending_detail"."service" like 'General%'   And "county_spending_detail"."fiscal_year_period" not in (1,2))   And "county_spending_detail"."service" <= 'General Government'   And "county_spending_detail"."service" = 'General Government'   And "county_spending_detail"."fiscal_year_period" < 1   And "county_spending_detail"."fiscal_year_period" not in (1,2)    And ("county_spending_detail"."fiscal_year_period" is null    And "county_spending_detail"."service" >= 'General Government')   And ("county_spending_detail"."fiscal_year_period" > 1   And "county_spending_detail"."service" > 'General Government')   And "county_spending_detail"."service" not like '%Government'   And "county_spending_detail"."service" > 'General Government'   And "county_spending_detail"."service" not like '%Government'   And ("county_spending_detail"."service" < 'General Government'   And ("county_spending_detail"."service" <> 'General Government'   And "county_spending_detail"."service" not in ('Housing and Community Development')   And ("county_spending_detail"."service" not in ('Housing and Community Development')   And "county_spending_detail"."service" = 'General Government'))))   GROUP BY "county_spending_detail"."service"  LIMIT 20  OFFSET 0 
SELECT "county_spending_detail"."fiscal_year_period", "county_spending_detail"."department"  FROM "county_spending_detail"  LEFT JOIN  "service_hierarchy"  ON "county_spending_detail"."fiscal_year" = "service_hierarchy"."fiscal_year"  AND "county_spending_detail"."service" = "service_hierarchy"."service"  WHERE   "county_spending_detail"."service" = 'General Government'   GROUP BY "county_spending_detail"."fiscal_year_period", "county_spending_detail"."department"  LIMIT 2  OFFSET 10 
SELECT "county_spending_detail"."amount"  FROM "county_spending_detail"  WHERE   "county_spending_detail"."department" in ((SELECT "county_spending_detail"."department"  FROM "county_spending_detail"  WHERE   "county_spending_detail"."fiscal_year" in ((SELECT "county_spending_detail"."fiscal_year"  FROM "county_spending_detail"  WHERE   "county_spending_detail"."fiscal_year" = 2014  ),2017)  ))   And "county_spending_detail"."department" in ((SELECT "county_spending_detail"."fiscal_year"  FROM "county_spending_detail"  WHERE   "county_spending_detail"."fiscal_year" = 2014  ))  
SELECT "county_spending_detail"."service"  FROM "county_spending_detail"  LEFT JOIN  "service_hierarchy"  ON "county_spending_detail"."fiscal_year" = "service_hierarchy"."fiscal_year"  AND "county_spending_detail"."service" = "service_hierarchy"."service"  WHERE   ("county_spending_detail"."service" = 'General Government'   And "county_spending_detail"."service" <> 'General Government'   And ("county_spending_detail"."service" > 'General Government'    And "county_spending_detail"."fiscal_year_period" is not null )    And ("county_spending_detail"."service" is not null    And ("county_spending_detail"."service" like 'General%'   And ("county_spending_detail"."service" = 'General Government'   And ("county_spending_detail"."service" <= 'General Government'   And "county_spending_detail"."service" <> 'General Government')   And "county_spending_detail"."service" in ('General Government','Housing and Community Development'))   And ("county_spending_detail"."service" in ('General Government','Housing and Community Development')   And "county_spending_detail"."service" >= 'General Government'))))   AND  ("county_spending_detail"."service" IS NOT NULL )  GROUP BY "county_spending_detail"."service"  LIMIT 96  OFFSET 27 
SELECT "county_spending_detail"."fiscal_year_period"  FROM "county_spending_detail"  WHERE   ("county_spending_detail"."service" = 'Permitting'   And ("county_spending_detail"."service" > 'Permitting'    And "county_spending_detail"."service" is not null    And "county_spending_detail"."service" < 'Permitting')   And "county_spending_detail"."service" <= 'Permitting')   LIMIT 10  OFFSET 1 
SELECT "county_spending_detail"."amount"  FROM "county_spending_detail"  WHERE   "county_spending_detail"."department" in ((SELECT "county_spending_detail"."department"  FROM "county_spending_detail"  WHERE   "county_spending_detail"."fiscal_year" = 2014  ))  
SELECT "county_spending_detail"."amount"  FROM "county_spending_detail"  WHERE   "county_spending_detail"."department" in ((SELECT "county_spending_detail"."department"  FROM "county_spending_detail"  WHERE   "county_spending_detail"."fiscal_year" = 2014  ))  
SELECT "county_spending_detail"."amount"  FROM "county_spending_detail"  WHERE   "county_spending_detail"."department" in ((SELECT "county_spending_detail"."department"  FROM "county_spending_detail"  WHERE   "county_spending_detail"."fiscal_year" = 2014  ))  
]]></system-out>
  <system-err><![CDATA[]]></system-err>
</testsuite>
